{"/home/travis/build/npmtest/node-npmtest-dynamoose/test.js":{"path":"/home/travis/build/npmtest/node-npmtest-dynamoose/test.js","s":{"1":2,"2":2,"3":2,"4":2,"5":2,"6":2,"7":2,"8":1,"9":2,"10":2,"11":1,"12":1,"13":1,"14":1,"15":2,"16":2,"17":2,"18":2,"19":1,"20":1,"21":2,"22":2,"23":2,"24":1,"25":1,"26":1,"27":1,"28":1,"29":1,"30":1,"31":1,"32":1,"33":1,"34":1,"35":1,"36":1,"37":1,"38":1,"39":2,"40":2,"41":1,"42":2,"43":2,"44":1,"45":2,"46":2,"47":1,"48":2,"49":2,"50":1,"51":1,"52":1,"53":1,"54":1},"b":{"1":[2,1,1,1],"2":[1,1,1,1],"3":[1,1],"4":[1,1],"5":[1,1],"6":[1,1],"7":[1,1],"8":[1,1],"9":[1,1],"10":[1,1,1],"11":[1,1],"12":[1,1],"13":[1,1],"14":[1,1],"15":[1,1],"16":[1,1],"17":[1,1]},"f":{"1":2,"2":2,"3":2,"4":2,"5":2,"6":1,"7":1,"8":1,"9":2,"10":2,"11":2,"12":2,"13":1},"fnMap":{"1":{"name":"(anonymous_1)","line":12,"loc":{"start":{"line":12,"column":1},"end":{"line":12,"column":13}}},"2":{"name":"(anonymous_2)","line":19,"loc":{"start":{"line":19,"column":5},"end":{"line":19,"column":17}}},"3":{"name":"(anonymous_3)","line":23,"loc":{"start":{"line":23,"column":24},"end":{"line":23,"column":36}}},"4":{"name":"(anonymous_4)","line":61,"loc":{"start":{"line":61,"column":5},"end":{"line":61,"column":17}}},"5":{"name":"(anonymous_5)","line":82,"loc":{"start":{"line":82,"column":5},"end":{"line":82,"column":17}}},"6":{"name":"(anonymous_6)","line":91,"loc":{"start":{"line":91,"column":77},"end":{"line":94,"column":10}}},"7":{"name":"(anonymous_7)","line":112,"loc":{"start":{"line":112,"column":83},"end":{"line":115,"column":10}},"skip":true},"8":{"name":"(anonymous_8)","line":123,"loc":{"start":{"line":123,"column":77},"end":{"line":126,"column":10}},"skip":true},"9":{"name":"(anonymous_9)","line":139,"loc":{"start":{"line":139,"column":12},"end":{"line":139,"column":40}},"skip":true},"10":{"name":"(anonymous_10)","line":147,"loc":{"start":{"line":147,"column":77},"end":{"line":150,"column":10}},"skip":true},"11":{"name":"(anonymous_11)","line":158,"loc":{"start":{"line":158,"column":83},"end":{"line":161,"column":10}},"skip":true},"12":{"name":"(anonymous_12)","line":169,"loc":{"start":{"line":169,"column":79},"end":{"line":172,"column":10}},"skip":true},"13":{"name":"(anonymous_13)","line":180,"loc":{"start":{"line":180,"column":75},"end":{"line":183,"column":10}},"skip":true}},"statementMap":{"1":{"start":{"line":12,"column":0},"end":{"line":195,"column":5}},"2":{"start":{"line":14,"column":4},"end":{"line":14,"column":14}},"3":{"start":{"line":19,"column":4},"end":{"line":56,"column":9}},"4":{"start":{"line":21,"column":8},"end":{"line":21,"column":19}},"5":{"start":{"line":23,"column":8},"end":{"line":35,"column":13}},"6":{"start":{"line":24,"column":12},"end":{"line":34,"column":13}},"7":{"start":{"line":25,"column":16},"end":{"line":28,"column":30}},"8":{"start":{"line":30,"column":16},"end":{"line":33,"column":27}},"9":{"start":{"line":37,"column":8},"end":{"line":39,"column":21}},"10":{"start":{"line":40,"column":8},"end":{"line":53,"column":9}},"11":{"start":{"line":43,"column":12},"end":{"line":46,"column":14}},"12":{"start":{"line":47,"column":12},"end":{"line":47,"column":18}},"13":{"start":{"line":50,"column":12},"end":{"line":51,"column":46}},"14":{"start":{"line":52,"column":12},"end":{"line":52,"column":18}},"15":{"start":{"line":55,"column":8},"end":{"line":55,"column":35}},"16":{"start":{"line":61,"column":4},"end":{"line":63,"column":9}},"17":{"start":{"line":62,"column":8},"end":{"line":62,"column":15}},"18":{"start":{"line":64,"column":4},"end":{"line":77,"column":5}},"19":{"start":{"line":70,"column":8},"end":{"line":70,"column":14}},"20":{"start":{"line":76,"column":8},"end":{"line":76,"column":14}},"21":{"start":{"line":82,"column":4},"end":{"line":84,"column":9}},"22":{"start":{"line":83,"column":8},"end":{"line":83,"column":15}},"23":{"start":{"line":85,"column":4},"end":{"line":194,"column":5}},"24":{"start":{"line":91,"column":8},"end":{"line":99,"column":10}},"25":{"start":{"line":98,"column":12},"end":{"line":98,"column":35}},"26":{"start":{"line":102,"column":8},"end":{"line":104,"column":63}},"27":{"start":{"line":105,"column":8},"end":{"line":105,"column":14}},"28":{"start":{"line":112,"column":8},"end":{"line":121,"column":10},"skip":true},"29":{"start":{"line":119,"column":12},"end":{"line":119,"column":55},"skip":true},"30":{"start":{"line":120,"column":12},"end":{"line":120,"column":48},"skip":true},"31":{"start":{"line":123,"column":8},"end":{"line":136,"column":10},"skip":true},"32":{"start":{"line":130,"column":12},"end":{"line":130,"column":76},"skip":true},"33":{"start":{"line":131,"column":12},"end":{"line":131,"column":73},"skip":true},"34":{"start":{"line":132,"column":12},"end":{"line":132,"column":74},"skip":true},"35":{"start":{"line":133,"column":12},"end":{"line":133,"column":79},"skip":true},"36":{"start":{"line":134,"column":12},"end":{"line":134,"column":25},"skip":true},"37":{"start":{"line":135,"column":12},"end":{"line":135,"column":45},"skip":true},"38":{"start":{"line":138,"column":8},"end":{"line":145,"column":14},"skip":true},"39":{"start":{"line":143,"column":16},"end":{"line":143,"column":29},"skip":true},"40":{"start":{"line":144,"column":16},"end":{"line":144,"column":55},"skip":true},"41":{"start":{"line":147,"column":8},"end":{"line":156,"column":10},"skip":true},"42":{"start":{"line":154,"column":12},"end":{"line":154,"column":25},"skip":true},"43":{"start":{"line":155,"column":12},"end":{"line":155,"column":45},"skip":true},"44":{"start":{"line":158,"column":8},"end":{"line":167,"column":10},"skip":true},"45":{"start":{"line":165,"column":12},"end":{"line":165,"column":25},"skip":true},"46":{"start":{"line":166,"column":12},"end":{"line":166,"column":48},"skip":true},"47":{"start":{"line":169,"column":8},"end":{"line":178,"column":10},"skip":true},"48":{"start":{"line":176,"column":12},"end":{"line":176,"column":25},"skip":true},"49":{"start":{"line":177,"column":12},"end":{"line":177,"column":46},"skip":true},"50":{"start":{"line":180,"column":8},"end":{"line":189,"column":10},"skip":true},"51":{"start":{"line":187,"column":12},"end":{"line":187,"column":94},"skip":true},"52":{"start":{"line":188,"column":12},"end":{"line":188,"column":48},"skip":true},"53":{"start":{"line":192,"column":8},"end":{"line":192,"column":35},"skip":true},"54":{"start":{"line":193,"column":8},"end":{"line":193,"column":14},"skip":true}},"branchMap":{"1":{"line":25,"type":"binary-expr","locations":[{"start":{"line":25,"column":23},"end":{"line":25,"column":62}},{"start":{"line":26,"column":20},"end":{"line":26,"column":70}},{"start":{"line":27,"column":20},"end":{"line":27,"column":71}},{"start":{"line":28,"column":20},"end":{"line":28,"column":29}}]},"2":{"line":30,"type":"binary-expr","locations":[{"start":{"line":30,"column":23},"end":{"line":30,"column":37}},{"start":{"line":31,"column":20},"end":{"line":31,"column":61}},{"start":{"line":32,"column":20},"end":{"line":32,"column":70}},{"start":{"line":33,"column":20},"end":{"line":33,"column":26}}]},"3":{"line":37,"type":"cond-expr","locations":[{"start":{"line":38,"column":14},"end":{"line":38,"column":20}},{"start":{"line":39,"column":14},"end":{"line":39,"column":20}}]},"4":{"line":40,"type":"switch","locations":[{"start":{"line":42,"column":8},"end":{"line":47,"column":18}},{"start":{"line":49,"column":8},"end":{"line":52,"column":18}}]},"5":{"line":44,"type":"binary-expr","locations":[{"start":{"line":44,"column":16},"end":{"line":44,"column":44}},{"start":{"line":44,"column":48},"end":{"line":44,"column":66}}]},"6":{"line":50,"type":"binary-expr","locations":[{"start":{"line":50,"column":21},"end":{"line":50,"column":49}},{"start":{"line":50,"column":53},"end":{"line":50,"column":72}}]},"7":{"line":64,"type":"switch","locations":[{"start":{"line":69,"column":4},"end":{"line":70,"column":14}},{"start":{"line":75,"column":4},"end":{"line":76,"column":14}}]},"8":{"line":85,"type":"switch","locations":[{"start":{"line":90,"column":4},"end":{"line":105,"column":14}},{"start":{"line":111,"column":4},"end":{"line":193,"column":14},"skip":true}]},"9":{"line":91,"type":"binary-expr","locations":[{"start":{"line":91,"column":42},"end":{"line":91,"column":73}},{"start":{"line":91,"column":77},"end":{"line":99,"column":9}}]},"10":{"line":102,"type":"binary-expr","locations":[{"start":{"line":102,"column":18},"end":{"line":102,"column":32}},{"start":{"line":103,"column":12},"end":{"line":103,"column":53}},{"start":{"line":104,"column":12},"end":{"line":104,"column":61}}]},"11":{"line":112,"type":"binary-expr","locations":[{"start":{"line":112,"column":45},"end":{"line":112,"column":79},"skip":true},{"start":{"line":112,"column":83},"end":{"line":121,"column":9},"skip":true}]},"12":{"line":123,"type":"binary-expr","locations":[{"start":{"line":123,"column":42},"end":{"line":123,"column":73},"skip":true},{"start":{"line":123,"column":77},"end":{"line":136,"column":9},"skip":true}]},"13":{"line":138,"type":"binary-expr","locations":[{"start":{"line":138,"column":48},"end":{"line":138,"column":85},"skip":true},{"start":{"line":139,"column":12},"end":{"line":145,"column":13},"skip":true}]},"14":{"line":147,"type":"binary-expr","locations":[{"start":{"line":147,"column":42},"end":{"line":147,"column":73},"skip":true},{"start":{"line":147,"column":77},"end":{"line":156,"column":9},"skip":true}]},"15":{"line":158,"type":"binary-expr","locations":[{"start":{"line":158,"column":45},"end":{"line":158,"column":79},"skip":true},{"start":{"line":158,"column":83},"end":{"line":167,"column":9},"skip":true}]},"16":{"line":169,"type":"binary-expr","locations":[{"start":{"line":169,"column":43},"end":{"line":169,"column":75},"skip":true},{"start":{"line":169,"column":79},"end":{"line":178,"column":9},"skip":true}]},"17":{"line":180,"type":"binary-expr","locations":[{"start":{"line":180,"column":41},"end":{"line":180,"column":71},"skip":true},{"start":{"line":180,"column":75},"end":{"line":189,"column":9},"skip":true}]}},"code":["/* istanbul instrument in package npmtest_dynamoose */","/*jslint","    bitwise: true,","    browser: true,","    maxerr: 8,","    maxlen: 96,","    node: true,","    nomen: true,","    regexp: true,","    stupid: true","*/","(function () {","    'use strict';","    var local;","","","","    // run shared js-env code - pre-init","    (function () {","        // init local","        local = {};","        // init modeJs","        local.modeJs = (function () {","            try {","                return typeof navigator.userAgent === 'string' &&","                    typeof document.querySelector('body') === 'object' &&","                    typeof XMLHttpRequest.prototype.open === 'function' &&","                    'browser';","            } catch (errorCaughtBrowser) {","                return module.exports &&","                    typeof process.versions.node === 'string' &&","                    typeof require('http').createServer === 'function' &&","                    'node';","            }","        }());","        // init global","        local.global = local.modeJs === 'browser'","            ? window","            : global;","        switch (local.modeJs) {","        // re-init local from window.local","        case 'browser':","            local = local.global.utility2.objectSetDefault(","                local.global.utility2_rollup || local.global.local,","                local.global.utility2","            );","            break;","        // re-init local from example.js","        case 'node':","            local = (local.global.utility2_rollup || require('utility2'))","                .requireExampleJsFromReadme();","            break;","        }","        // export local","        local.global.local = local;","    }());","","","","    // run shared js-env code - function","    (function () {","        return;","    }());","    switch (local.modeJs) {","","","","    // run browser js-env code - function","    case 'browser':","        break;","","","","    // run node js-env code - function","    case 'node':","        break;","    }","","","","    // run shared js-env code - post-init","    (function () {","        return;","    }());","    switch (local.modeJs) {","","","","    // run browser js-env code - post-init","    case 'browser':","        local.testCase_browser_nullCase = local.testCase_browser_nullCase || function (","            options,","            onError","        ) {","        /*","         * this function will test browsers's null-case handling-behavior-behavior","         */","            onError(null, options);","        };","","        // run tests","        local.nop(local.modeTest &&","            document.querySelector('#testRunButton1') &&","            document.querySelector('#testRunButton1').click());","        break;","","","","    // run node js-env code - post-init","    /* istanbul ignore next */","    case 'node':","        local.testCase_buildApidoc_default = local.testCase_buildApidoc_default || function (","            options,","            onError","        ) {","        /*","         * this function will test buildApidoc's default handling-behavior-behavior","         */","            options = { modulePathList: module.paths };","            local.buildApidoc(options, onError);","        };","","        local.testCase_buildApp_default = local.testCase_buildApp_default || function (","            options,","            onError","        ) {","        /*","         * this function will test buildApp's default handling-behavior-behavior","         */","            local.testCase_buildReadme_default(options, local.onErrorThrow);","            local.testCase_buildLib_default(options, local.onErrorThrow);","            local.testCase_buildTest_default(options, local.onErrorThrow);","            local.testCase_buildCustomOrg_default(options, local.onErrorThrow);","            options = [];","            local.buildApp(options, onError);","        };","","        local.testCase_buildCustomOrg_default = local.testCase_buildCustomOrg_default ||","            function (options, onError) {","            /*","             * this function will test buildCustomOrg's default handling-behavior","             */","                options = {};","                local.buildCustomOrg(options, onError);","            };","","        local.testCase_buildLib_default = local.testCase_buildLib_default || function (","            options,","            onError","        ) {","        /*","         * this function will test buildLib's default handling-behavior","         */","            options = {};","            local.buildLib(options, onError);","        };","","        local.testCase_buildReadme_default = local.testCase_buildReadme_default || function (","            options,","            onError","        ) {","        /*","         * this function will test buildReadme's default handling-behavior-behavior","         */","            options = {};","            local.buildReadme(options, onError);","        };","","        local.testCase_buildTest_default = local.testCase_buildTest_default || function (","            options,","            onError","        ) {","        /*","         * this function will test buildTest's default handling-behavior","         */","            options = {};","            local.buildTest(options, onError);","        };","","        local.testCase_webpage_default = local.testCase_webpage_default || function (","            options,","            onError","        ) {","        /*","         * this function will test webpage's default handling-behavior","         */","            options = { modeCoverageMerge: true, url: local.serverLocalHost + '?modeTest=1' };","            local.browserTest(options, onError);","        };","","        // run test-server","        local.testRunServer(local);","        break;","    }","}());",""],"l":{"12":2,"14":2,"19":2,"21":2,"23":2,"24":2,"25":2,"30":1,"37":2,"40":2,"43":1,"47":1,"50":1,"52":1,"55":2,"61":2,"62":2,"64":2,"70":1,"76":1,"82":2,"83":2,"85":2,"91":1,"98":1,"102":1,"105":1,"112":1,"119":1,"120":1,"123":1,"130":1,"131":1,"132":1,"133":1,"134":1,"135":1,"138":1,"143":2,"144":2,"147":1,"154":2,"155":2,"158":1,"165":2,"166":2,"169":1,"176":2,"177":2,"180":1,"187":1,"188":1,"192":1,"193":1}},"/home/travis/build/npmtest/node-npmtest-dynamoose/lib.npmtest_dynamoose.js":{"path":"/home/travis/build/npmtest/node-npmtest-dynamoose/lib.npmtest_dynamoose.js","s":{"1":2,"2":2,"3":2,"4":2,"5":2,"6":2,"7":2,"8":1,"9":2,"10":2,"11":2,"12":2,"13":1,"14":1,"15":1,"16":1},"b":{"1":[2,1,1,1],"2":[1,1,1,1],"3":[1,1],"4":[2,2],"5":[1,1]},"f":{"1":2,"2":2,"3":2},"fnMap":{"1":{"name":"(anonymous_1)","line":12,"loc":{"start":{"line":12,"column":1},"end":{"line":12,"column":13}}},"2":{"name":"(anonymous_2)","line":19,"loc":{"start":{"line":19,"column":5},"end":{"line":19,"column":17}}},"3":{"name":"(anonymous_3)","line":23,"loc":{"start":{"line":23,"column":24},"end":{"line":23,"column":36}}}},"statementMap":{"1":{"start":{"line":12,"column":0},"end":{"line":53,"column":5}},"2":{"start":{"line":14,"column":4},"end":{"line":14,"column":14}},"3":{"start":{"line":19,"column":4},"end":{"line":52,"column":9}},"4":{"start":{"line":21,"column":8},"end":{"line":21,"column":19}},"5":{"start":{"line":23,"column":8},"end":{"line":35,"column":13}},"6":{"start":{"line":24,"column":12},"end":{"line":34,"column":13}},"7":{"start":{"line":25,"column":16},"end":{"line":28,"column":30}},"8":{"start":{"line":30,"column":16},"end":{"line":33,"column":27}},"9":{"start":{"line":37,"column":8},"end":{"line":39,"column":21}},"10":{"start":{"line":41,"column":8},"end":{"line":41,"column":54}},"11":{"start":{"line":43,"column":8},"end":{"line":43,"column":54}},"12":{"start":{"line":45,"column":8},"end":{"line":51,"column":9}},"13":{"start":{"line":46,"column":12},"end":{"line":46,"column":60}},"14":{"start":{"line":48,"column":12},"end":{"line":48,"column":35}},"15":{"start":{"line":49,"column":12},"end":{"line":49,"column":49}},"16":{"start":{"line":50,"column":12},"end":{"line":50,"column":43}}},"branchMap":{"1":{"line":25,"type":"binary-expr","locations":[{"start":{"line":25,"column":23},"end":{"line":25,"column":62}},{"start":{"line":26,"column":20},"end":{"line":26,"column":70}},{"start":{"line":27,"column":20},"end":{"line":27,"column":71}},{"start":{"line":28,"column":20},"end":{"line":28,"column":29}}]},"2":{"line":30,"type":"binary-expr","locations":[{"start":{"line":30,"column":23},"end":{"line":30,"column":37}},{"start":{"line":31,"column":20},"end":{"line":31,"column":61}},{"start":{"line":32,"column":20},"end":{"line":32,"column":70}},{"start":{"line":33,"column":20},"end":{"line":33,"column":26}}]},"3":{"line":37,"type":"cond-expr","locations":[{"start":{"line":38,"column":14},"end":{"line":38,"column":20}},{"start":{"line":39,"column":14},"end":{"line":39,"column":20}}]},"4":{"line":41,"type":"binary-expr","locations":[{"start":{"line":41,"column":16},"end":{"line":41,"column":44}},{"start":{"line":41,"column":48},"end":{"line":41,"column":53}}]},"5":{"line":45,"type":"if","locations":[{"start":{"line":45,"column":8},"end":{"line":45,"column":8}},{"start":{"line":45,"column":8},"end":{"line":45,"column":8}}]}},"code":["/* istanbul instrument in package npmtest_dynamoose */","/*jslint","    bitwise: true,","    browser: true,","    maxerr: 8,","    maxlen: 96,","    node: true,","    nomen: true,","    regexp: true,","    stupid: true","*/","(function () {","    'use strict';","    var local;","","","","    // run shared js-env code - pre-init","    (function () {","        // init local","        local = {};","        // init modeJs","        local.modeJs = (function () {","            try {","                return typeof navigator.userAgent === 'string' &&","                    typeof document.querySelector('body') === 'object' &&","                    typeof XMLHttpRequest.prototype.open === 'function' &&","                    'browser';","            } catch (errorCaughtBrowser) {","                return module.exports &&","                    typeof process.versions.node === 'string' &&","                    typeof require('http').createServer === 'function' &&","                    'node';","            }","        }());","        // init global","        local.global = local.modeJs === 'browser'","            ? window","            : global;","        // init utility2_rollup","        local = local.global.utility2_rollup || local;","        // init lib","        local.local = local.npmtest_dynamoose = local;","        // init exports","        if (local.modeJs === 'browser') {","            local.global.utility2_npmtest_dynamoose = local;","        } else {","            module.exports = local;","            module.exports.__dirname = __dirname;","            module.exports.module = module;","        }","    }());","}());",""],"l":{"12":2,"14":2,"19":2,"21":2,"23":2,"24":2,"25":2,"30":1,"37":2,"41":2,"43":2,"45":2,"46":1,"48":1,"49":1,"50":1}},"/home/travis/build/npmtest/node-npmtest-dynamoose/example.js":{"path":"/home/travis/build/npmtest/node-npmtest-dynamoose/example.js","s":{"1":2,"2":2,"3":2,"4":2,"5":2,"6":2,"7":2,"8":1,"9":2,"10":2,"11":2,"12":2,"13":1,"14":2,"15":2,"16":2,"17":2,"18":2,"19":0,"20":2,"21":1,"22":1,"23":1,"24":1,"25":1,"26":0,"27":0,"28":1,"29":1,"30":2,"31":0,"32":0,"33":0,"34":1,"35":2,"36":2,"37":3,"38":3,"39":3,"40":3,"41":0,"42":3,"43":3,"44":3,"45":1,"46":3,"47":1,"48":1,"49":1,"50":1,"51":1,"52":1,"53":1,"54":1,"55":1,"56":1,"57":0,"58":1,"59":6,"60":6,"61":1,"62":2,"63":0,"64":2,"65":1,"66":1,"67":0,"68":0,"69":0,"70":0,"71":0,"72":0,"73":0,"74":0,"75":0,"76":0,"77":0,"78":0,"79":0,"80":0,"81":0,"82":0,"83":0},"b":{"1":[2,1,1,1],"2":[1,1,1,1],"3":[1,1],"4":[2,2],"5":[1,1],"6":[1,1],"7":[2,0],"8":[2,1,1,1,1,1],"9":[0,2,0],"10":[1,1],"11":[2,1,1],"12":[1,0],"13":[0,2],"14":[2,0,0,0,0,0,0],"15":[0,3],"16":[3,0],"17":[1,1],"18":[0,1],"19":[1,2,0,2],"20":[1,0],"21":[1,1],"22":[0,0],"23":[0,0],"24":[0,0],"25":[0,0],"26":[0,0],"27":[0,0],"28":[0,0]},"f":{"1":2,"2":2,"3":2,"4":2,"5":2,"6":2,"7":3,"8":3,"9":3,"10":1,"11":6,"12":0},"fnMap":{"1":{"name":"(anonymous_1)","line":26,"loc":{"start":{"line":26,"column":1},"end":{"line":26,"column":13}}},"2":{"name":"(anonymous_2)","line":33,"loc":{"start":{"line":33,"column":5},"end":{"line":33,"column":17}}},"3":{"name":"(anonymous_3)","line":37,"loc":{"start":{"line":37,"column":24},"end":{"line":37,"column":36}}},"4":{"name":"(anonymous_4)","line":69,"loc":{"start":{"line":69,"column":31},"end":{"line":69,"column":48}},"skip":true},"5":{"name":"(anonymous_5)","line":78,"loc":{"start":{"line":78,"column":26},"end":{"line":78,"column":45}},"skip":true},"6":{"name":"(anonymous_6)","line":123,"loc":{"start":{"line":123,"column":33},"end":{"line":123,"column":48}},"skip":true},"7":{"name":"(anonymous_7)","line":125,"loc":{"start":{"line":125,"column":27},"end":{"line":125,"column":39}},"skip":true},"8":{"name":"(anonymous_8)","line":133,"loc":{"start":{"line":133,"column":59},"end":{"line":133,"column":74}},"skip":true},"9":{"name":"(anonymous_9)","line":143,"loc":{"start":{"line":143,"column":45},"end":{"line":143,"column":62}},"skip":true},"10":{"name":"(anonymous_10)","line":144,"loc":{"start":{"line":144,"column":73},"end":{"line":144,"column":92}},"skip":true},"11":{"name":"(anonymous_11)","line":272,"loc":{"start":{"line":272,"column":51},"end":{"line":272,"column":77}},"skip":true},"12":{"name":"(anonymous_12)","line":315,"loc":{"start":{"line":315,"column":32},"end":{"line":315,"column":61}},"skip":true}},"statementMap":{"1":{"start":{"line":26,"column":0},"end":{"line":326,"column":5}},"2":{"start":{"line":28,"column":4},"end":{"line":28,"column":14}},"3":{"start":{"line":33,"column":4},"end":{"line":60,"column":9}},"4":{"start":{"line":35,"column":8},"end":{"line":35,"column":19}},"5":{"start":{"line":37,"column":8},"end":{"line":49,"column":13}},"6":{"start":{"line":38,"column":12},"end":{"line":48,"column":13}},"7":{"start":{"line":39,"column":16},"end":{"line":42,"column":30}},"8":{"start":{"line":44,"column":16},"end":{"line":47,"column":27}},"9":{"start":{"line":51,"column":8},"end":{"line":53,"column":21}},"10":{"start":{"line":55,"column":8},"end":{"line":57,"column":45}},"11":{"start":{"line":59,"column":8},"end":{"line":59,"column":35}},"12":{"start":{"line":61,"column":4},"end":{"line":325,"column":5}},"13":{"start":{"line":69,"column":8},"end":{"line":121,"column":10},"skip":true},"14":{"start":{"line":70,"column":12},"end":{"line":88,"column":13},"skip":true},"15":{"start":{"line":76,"column":16},"end":{"line":87,"column":19},"skip":true},"16":{"start":{"line":79,"column":20},"end":{"line":86,"column":21},"skip":true},"17":{"start":{"line":82,"column":24},"end":{"line":82,"column":43},"skip":true},"18":{"start":{"line":83,"column":24},"end":{"line":83,"column":30},"skip":true},"19":{"start":{"line":85,"column":24},"end":{"line":85,"column":49},"skip":true},"20":{"start":{"line":89,"column":12},"end":{"line":107,"column":13},"skip":true},"21":{"start":{"line":92,"column":16},"end":{"line":102,"column":17},"skip":true},"22":{"start":{"line":93,"column":20},"end":{"line":93,"column":86},"skip":true},"23":{"start":{"line":94,"column":20},"end":{"line":95,"column":45},"skip":true},"24":{"start":{"line":96,"column":20},"end":{"line":96,"column":42},"skip":true},"25":{"start":{"line":97,"column":20},"end":{"line":97,"column":48},"skip":true},"26":{"start":{"line":100,"column":20},"end":{"line":100,"column":85},"skip":true},"27":{"start":{"line":101,"column":20},"end":{"line":101,"column":96},"skip":true},"28":{"start":{"line":103,"column":16},"end":{"line":103,"column":22},"skip":true},"29":{"start":{"line":106,"column":16},"end":{"line":106,"column":22},"skip":true},"30":{"start":{"line":108,"column":12},"end":{"line":120,"column":13},"skip":true},"31":{"start":{"line":114,"column":16},"end":{"line":119,"column":17},"skip":true},"32":{"start":{"line":116,"column":20},"end":{"line":116,"column":78},"skip":true},"33":{"start":{"line":118,"column":20},"end":{"line":118,"column":47},"skip":true},"34":{"start":{"line":123,"column":8},"end":{"line":141,"column":11},"skip":true},"35":{"start":{"line":124,"column":12},"end":{"line":124,"column":54},"skip":true},"36":{"start":{"line":125,"column":12},"end":{"line":140,"column":14},"skip":true},"37":{"start":{"line":126,"column":16},"end":{"line":126,"column":28},"skip":true},"38":{"start":{"line":127,"column":16},"end":{"line":127,"column":69},"skip":true},"39":{"start":{"line":128,"column":16},"end":{"line":128,"column":75},"skip":true},"40":{"start":{"line":129,"column":16},"end":{"line":131,"column":17},"skip":true},"41":{"start":{"line":130,"column":20},"end":{"line":130,"column":27},"skip":true},"42":{"start":{"line":133,"column":16},"end":{"line":137,"column":36},"skip":true},"43":{"start":{"line":134,"column":20},"end":{"line":136,"column":55},"skip":true},"44":{"start":{"line":139,"column":16},"end":{"line":139,"column":57},"skip":true},"45":{"start":{"line":143,"column":8},"end":{"line":147,"column":11},"skip":true},"46":{"start":{"line":144,"column":12},"end":{"line":146,"column":15},"skip":true},"47":{"start":{"line":145,"column":16},"end":{"line":145,"column":70},"skip":true},"48":{"start":{"line":149,"column":8},"end":{"line":149,"column":31},"skip":true},"49":{"start":{"line":150,"column":8},"end":{"line":150,"column":14},"skip":true},"50":{"start":{"line":158,"column":8},"end":{"line":158,"column":31},"skip":true},"51":{"start":{"line":160,"column":8},"end":{"line":160,"column":33},"skip":true},"52":{"start":{"line":161,"column":8},"end":{"line":161,"column":37},"skip":true},"53":{"start":{"line":162,"column":8},"end":{"line":162,"column":35},"skip":true},"54":{"start":{"line":164,"column":8},"end":{"line":164,"column":50},"skip":true},"55":{"start":{"line":166,"column":8},"end":{"line":256,"column":2},"skip":true},"56":{"start":{"line":258,"column":8},"end":{"line":286,"column":9},"skip":true},"57":{"start":{"line":259,"column":12},"end":{"line":269,"column":14},"skip":true},"58":{"start":{"line":271,"column":12},"end":{"line":285,"column":19},"skip":true},"59":{"start":{"line":274,"column":20},"end":{"line":274,"column":35},"skip":true},"60":{"start":{"line":275,"column":20},"end":{"line":284,"column":21},"skip":true},"61":{"start":{"line":277,"column":24},"end":{"line":277,"column":64},"skip":true},"62":{"start":{"line":279,"column":24},"end":{"line":279,"column":40},"skip":true},"63":{"start":{"line":281,"column":24},"end":{"line":281,"column":40},"skip":true},"64":{"start":{"line":283,"column":24},"end":{"line":283,"column":39},"skip":true},"65":{"start":{"line":288,"column":8},"end":{"line":290,"column":9},"skip":true},"66":{"start":{"line":289,"column":12},"end":{"line":289,"column":18},"skip":true},"67":{"start":{"line":291,"column":8},"end":{"line":293,"column":54},"skip":true},"68":{"start":{"line":296,"column":8},"end":{"line":301,"column":37},"skip":true},"69":{"start":{"line":303,"column":8},"end":{"line":303,"column":82},"skip":true},"70":{"start":{"line":306,"column":8},"end":{"line":308,"column":9},"skip":true},"71":{"start":{"line":307,"column":12},"end":{"line":307,"column":82},"skip":true},"72":{"start":{"line":310,"column":8},"end":{"line":312,"column":9},"skip":true},"73":{"start":{"line":311,"column":12},"end":{"line":311,"column":18},"skip":true},"74":{"start":{"line":313,"column":8},"end":{"line":313,"column":54},"skip":true},"75":{"start":{"line":314,"column":8},"end":{"line":314,"column":69},"skip":true},"76":{"start":{"line":315,"column":8},"end":{"line":323,"column":36},"skip":true},"77":{"start":{"line":316,"column":12},"end":{"line":316,"column":61},"skip":true},"78":{"start":{"line":317,"column":12},"end":{"line":320,"column":13},"skip":true},"79":{"start":{"line":318,"column":16},"end":{"line":318,"column":75},"skip":true},"80":{"start":{"line":319,"column":16},"end":{"line":319,"column":23},"skip":true},"81":{"start":{"line":321,"column":12},"end":{"line":321,"column":38},"skip":true},"82":{"start":{"line":322,"column":12},"end":{"line":322,"column":27},"skip":true},"83":{"start":{"line":324,"column":8},"end":{"line":324,"column":14},"skip":true}},"branchMap":{"1":{"line":39,"type":"binary-expr","locations":[{"start":{"line":39,"column":23},"end":{"line":39,"column":62}},{"start":{"line":40,"column":20},"end":{"line":40,"column":70}},{"start":{"line":41,"column":20},"end":{"line":41,"column":71}},{"start":{"line":42,"column":20},"end":{"line":42,"column":29}}]},"2":{"line":44,"type":"binary-expr","locations":[{"start":{"line":44,"column":23},"end":{"line":44,"column":37}},{"start":{"line":45,"column":20},"end":{"line":45,"column":61}},{"start":{"line":46,"column":20},"end":{"line":46,"column":70}},{"start":{"line":47,"column":20},"end":{"line":47,"column":26}}]},"3":{"line":51,"type":"cond-expr","locations":[{"start":{"line":52,"column":14},"end":{"line":52,"column":20}},{"start":{"line":53,"column":14},"end":{"line":53,"column":20}}]},"4":{"line":55,"type":"binary-expr","locations":[{"start":{"line":55,"column":16},"end":{"line":55,"column":44}},{"start":{"line":55,"column":49},"end":{"line":57,"column":43}}]},"5":{"line":55,"type":"cond-expr","locations":[{"start":{"line":56,"column":14},"end":{"line":56,"column":53}},{"start":{"line":57,"column":14},"end":{"line":57,"column":43}}]},"6":{"line":61,"type":"switch","locations":[{"start":{"line":68,"column":4},"end":{"line":150,"column":14},"skip":true},{"start":{"line":156,"column":4},"end":{"line":324,"column":14},"skip":true}]},"7":{"line":70,"type":"if","locations":[{"start":{"line":70,"column":12},"end":{"line":70,"column":12},"skip":true},{"start":{"line":70,"column":12},"end":{"line":70,"column":12},"skip":true}]},"8":{"line":70,"type":"binary-expr","locations":[{"start":{"line":70,"column":16},"end":{"line":70,"column":22},"skip":true},{"start":{"line":70,"column":27},"end":{"line":70,"column":32},"skip":true},{"start":{"line":71,"column":20},"end":{"line":71,"column":39},"skip":true},{"start":{"line":72,"column":20},"end":{"line":72,"column":49},"skip":true},{"start":{"line":73,"column":20},"end":{"line":73,"column":58},"skip":true},{"start":{"line":74,"column":20},"end":{"line":74,"column":69},"skip":true}]},"9":{"line":79,"type":"switch","locations":[{"start":{"line":80,"column":20},"end":{"line":80,"column":33},"skip":true},{"start":{"line":81,"column":20},"end":{"line":83,"column":30},"skip":true},{"start":{"line":84,"column":20},"end":{"line":85,"column":49},"skip":true}]},"10":{"line":89,"type":"switch","locations":[{"start":{"line":90,"column":12},"end":{"line":103,"column":22},"skip":true},{"start":{"line":105,"column":12},"end":{"line":106,"column":22},"skip":true}]},"11":{"line":89,"type":"binary-expr","locations":[{"start":{"line":89,"column":20},"end":{"line":89,"column":25},"skip":true},{"start":{"line":89,"column":29},"end":{"line":89,"column":48},"skip":true},{"start":{"line":89,"column":52},"end":{"line":89,"column":74},"skip":true}]},"12":{"line":92,"type":"if","locations":[{"start":{"line":92,"column":16},"end":{"line":92,"column":16},"skip":true},{"start":{"line":92,"column":16},"end":{"line":92,"column":16},"skip":true}]},"13":{"line":108,"type":"if","locations":[{"start":{"line":108,"column":12},"end":{"line":108,"column":12},"skip":true},{"start":{"line":108,"column":12},"end":{"line":108,"column":12},"skip":true}]},"14":{"line":108,"type":"binary-expr","locations":[{"start":{"line":108,"column":16},"end":{"line":108,"column":61},"skip":true},{"start":{"line":108,"column":66},"end":{"line":108,"column":72},"skip":true},{"start":{"line":108,"column":77},"end":{"line":108,"column":82},"skip":true},{"start":{"line":109,"column":20},"end":{"line":109,"column":39},"skip":true},{"start":{"line":110,"column":20},"end":{"line":110,"column":49},"skip":true},{"start":{"line":111,"column":20},"end":{"line":111,"column":58},"skip":true},{"start":{"line":112,"column":20},"end":{"line":112,"column":68},"skip":true}]},"15":{"line":129,"type":"if","locations":[{"start":{"line":129,"column":16},"end":{"line":129,"column":16},"skip":true},{"start":{"line":129,"column":16},"end":{"line":129,"column":16},"skip":true}]},"16":{"line":134,"type":"cond-expr","locations":[{"start":{"line":135,"column":26},"end":{"line":135,"column":29},"skip":true},{"start":{"line":136,"column":26},"end":{"line":136,"column":54},"skip":true}]},"17":{"line":164,"type":"binary-expr","locations":[{"start":{"line":164,"column":27},"end":{"line":164,"column":43},"skip":true},{"start":{"line":164,"column":47},"end":{"line":164,"column":49},"skip":true}]},"18":{"line":258,"type":"if","locations":[{"start":{"line":258,"column":8},"end":{"line":258,"column":8},"skip":true},{"start":{"line":258,"column":8},"end":{"line":258,"column":8},"skip":true}]},"19":{"line":275,"type":"switch","locations":[{"start":{"line":276,"column":20},"end":{"line":277,"column":64},"skip":true},{"start":{"line":278,"column":20},"end":{"line":279,"column":40},"skip":true},{"start":{"line":280,"column":20},"end":{"line":281,"column":40},"skip":true},{"start":{"line":282,"column":20},"end":{"line":283,"column":39},"skip":true}]},"20":{"line":288,"type":"if","locations":[{"start":{"line":288,"column":8},"end":{"line":288,"column":8},"skip":true},{"start":{"line":288,"column":8},"end":{"line":288,"column":8},"skip":true}]},"21":{"line":288,"type":"binary-expr","locations":[{"start":{"line":288,"column":12},"end":{"line":288,"column":40},"skip":true},{"start":{"line":288,"column":44},"end":{"line":288,"column":67},"skip":true}]},"22":{"line":292,"type":"binary-expr","locations":[{"start":{"line":292,"column":12},"end":{"line":292,"column":50},"skip":true},{"start":{"line":293,"column":12},"end":{"line":293,"column":53},"skip":true}]},"23":{"line":297,"type":"binary-expr","locations":[{"start":{"line":297,"column":12},"end":{"line":297,"column":67},"skip":true},{"start":{"line":298,"column":12},"end":{"line":301,"column":36},"skip":true}]},"24":{"line":303,"type":"binary-expr","locations":[{"start":{"line":303,"column":43},"end":{"line":303,"column":75},"skip":true},{"start":{"line":303,"column":79},"end":{"line":303,"column":81},"skip":true}]},"25":{"line":306,"type":"if","locations":[{"start":{"line":306,"column":8},"end":{"line":306,"column":8},"skip":true},{"start":{"line":306,"column":8},"end":{"line":306,"column":8},"skip":true}]},"26":{"line":310,"type":"if","locations":[{"start":{"line":310,"column":8},"end":{"line":310,"column":8},"skip":true},{"start":{"line":310,"column":8},"end":{"line":310,"column":8},"skip":true}]},"27":{"line":313,"type":"binary-expr","locations":[{"start":{"line":313,"column":27},"end":{"line":313,"column":43},"skip":true},{"start":{"line":313,"column":47},"end":{"line":313,"column":53},"skip":true}]},"28":{"line":317,"type":"if","locations":[{"start":{"line":317,"column":12},"end":{"line":317,"column":12},"skip":true},{"start":{"line":317,"column":12},"end":{"line":317,"column":12},"skip":true}]}},"code":["/*","example.js","","quickstart example","","instruction","    1. save this script as example.js","    2. run the shell command:","        $ npm install npmtest-dynamoose && PORT=8081 node example.js","    3. play with the browser-demo on http://127.0.0.1:8081","*/","","","","/* istanbul instrument in package npmtest_dynamoose */","/*jslint","    bitwise: true,","    browser: true,","    maxerr: 8,","    maxlen: 96,","    node: true,","    nomen: true,","    regexp: true,","    stupid: true","*/","(function () {","    'use strict';","    var local;","","","","    // run shared js-env code - pre-init","    (function () {","        // init local","        local = {};","        // init modeJs","        local.modeJs = (function () {","            try {","                return typeof navigator.userAgent === 'string' &&","                    typeof document.querySelector('body') === 'object' &&","                    typeof XMLHttpRequest.prototype.open === 'function' &&","                    'browser';","            } catch (errorCaughtBrowser) {","                return module.exports &&","                    typeof process.versions.node === 'string' &&","                    typeof require('http').createServer === 'function' &&","                    'node';","            }","        }());","        // init global","        local.global = local.modeJs === 'browser'","            ? window","            : global;","        // init utility2_rollup","        local = local.global.utility2_rollup || (local.modeJs === 'browser'","            ? local.global.utility2_npmtest_dynamoose","            : global.utility2_moduleExports);","        // export local","        local.global.local = local;","    }());","    switch (local.modeJs) {","","","","    // post-init","    // run browser js-env code - post-init","    /* istanbul ignore next */","    case 'browser':","        local.testRunBrowser = function (event) {","            if (!event || (event &&","                    event.currentTarget &&","                    event.currentTarget.className &&","                    event.currentTarget.className.includes &&","                    event.currentTarget.className.includes('onreset'))) {","                // reset output","                Array.from(","                    document.querySelectorAll('body > .resettable')","                ).forEach(function (element) {","                    switch (element.tagName) {","                    case 'INPUT':","                    case 'TEXTAREA':","                        element.value = '';","                        break;","                    default:","                        element.textContent = '';","                    }","                });","            }","            switch (event && event.currentTarget && event.currentTarget.id) {","            case 'testRunButton1':","                // show tests","                if (document.querySelector('#testReportDiv1').style.display === 'none') {","                    document.querySelector('#testReportDiv1').style.display = 'block';","                    document.querySelector('#testRunButton1').textContent =","                        'hide internal test';","                    local.modeTest = true;","                    local.testRunDefault(local);","                // hide tests","                } else {","                    document.querySelector('#testReportDiv1').style.display = 'none';","                    document.querySelector('#testRunButton1').textContent = 'run internal test';","                }","                break;","            // custom-case","            default:","                break;","            }","            if (document.querySelector('#inputTextareaEval1') && (!event || (event &&","                    event.currentTarget &&","                    event.currentTarget.className &&","                    event.currentTarget.className.includes &&","                    event.currentTarget.className.includes('oneval')))) {","                // try to eval input-code","                try {","                    /*jslint evil: true*/","                    eval(document.querySelector('#inputTextareaEval1').value);","                } catch (errorCaught) {","                    console.error(errorCaught);","                }","            }","        };","        // log stderr and stdout to #outputTextareaStdout1","        ['error', 'log'].forEach(function (key) {","            console[key + '_original'] = console[key];","            console[key] = function () {","                var element;","                console[key + '_original'].apply(console, arguments);","                element = document.querySelector('#outputTextareaStdout1');","                if (!element) {","                    return;","                }","                // append text to #outputTextareaStdout1","                element.value += Array.from(arguments).map(function (arg) {","                    return typeof arg === 'string'","                        ? arg","                        : JSON.stringify(arg, null, 4);","                }).join(' ') + '\\n';","                // scroll textarea to bottom","                element.scrollTop = element.scrollHeight;","            };","        });","        // init event-handling","        ['change', 'click', 'keyup'].forEach(function (event) {","            Array.from(document.querySelectorAll('.on' + event)).forEach(function (element) {","                element.addEventListener(event, local.testRunBrowser);","            });","        });","        // run tests","        local.testRunBrowser();","        break;","","","","    // run node js-env code - post-init","    /* istanbul ignore next */","    case 'node':","        // export local","        module.exports = local;","        // require modules","        local.fs = require('fs');","        local.http = require('http');","        local.url = require('url');","        // init assets","        local.assetsDict = local.assetsDict || {};","        /* jslint-ignore-begin */","        local.assetsDict['/assets.index.template.html'] = '\\","<!doctype html>\\n\\","<html lang=\"en\">\\n\\","<head>\\n\\","<meta charset=\"UTF-8\">\\n\\","<meta name=\"viewport\" content=\"width=device-width, initial-scale=1\">\\n\\","<title>{{env.npm_package_name}} (v{{env.npm_package_version}})</title>\\n\\","<style>\\n\\","/*csslint\\n\\","    box-sizing: false,\\n\\","    universal-selector: false\\n\\","*/\\n\\","* {\\n\\","    box-sizing: border-box;\\n\\","}\\n\\","body {\\n\\","    background: #dde;\\n\\","    font-family: Arial, Helvetica, sans-serif;\\n\\","    margin: 2rem;\\n\\","}\\n\\","body > * {\\n\\","    margin-bottom: 1rem;\\n\\","}\\n\\",".utility2FooterDiv {\\n\\","    margin-top: 20px;\\n\\","    text-align: center;\\n\\","}\\n\\","</style>\\n\\","<style>\\n\\","/*csslint\\n\\","*/\\n\\","textarea {\\n\\","    font-family: monospace;\\n\\","    height: 10rem;\\n\\","    width: 100%;\\n\\","}\\n\\","textarea[readonly] {\\n\\","    background: #ddd;\\n\\","}\\n\\","</style>\\n\\","</head>\\n\\","<body>\\n\\","<!-- utility2-comment\\n\\","<div id=\"ajaxProgressDiv1\" style=\"background: #d00; height: 2px; left: 0; margin: 0; padding: 0; position: fixed; top: 0; transition: background 0.5s, width 1.5s; width: 25%;\"></div>\\n\\","utility2-comment -->\\n\\","<h1>\\n\\","<!-- utility2-comment\\n\\","    <a\\n\\","        {{#if env.npm_package_homepage}}\\n\\","        href=\"{{env.npm_package_homepage}}\"\\n\\","        {{/if env.npm_package_homepage}}\\n\\","        target=\"_blank\"\\n\\","    >\\n\\","utility2-comment -->\\n\\","        {{env.npm_package_name}} (v{{env.npm_package_version}})\\n\\","<!-- utility2-comment\\n\\","    </a>\\n\\","utility2-comment -->\\n\\","</h1>\\n\\","<h3>{{env.npm_package_description}}</h3>\\n\\","<!-- utility2-comment\\n\\","<h4><a download href=\"assets.app.js\">download standalone app</a></h4>\\n\\","<button class=\"onclick onreset\" id=\"testRunButton1\">run internal test</button><br>\\n\\","<div id=\"testReportDiv1\" style=\"display: none;\"></div>\\n\\","utility2-comment -->\\n\\","\\n\\","\\n\\","\\n\\","<label>stderr and stdout</label>\\n\\","<textarea class=\"resettable\" id=\"outputTextareaStdout1\" readonly></textarea>\\n\\","<!-- utility2-comment\\n\\","{{#if isRollup}}\\n\\","<script src=\"assets.app.js\"></script>\\n\\","{{#unless isRollup}}\\n\\","utility2-comment -->\\n\\","<script src=\"assets.utility2.rollup.js\"></script>\\n\\","<script src=\"jsonp.utility2._stateInit?callback=window.utility2._stateInit\"></script>\\n\\","<script src=\"assets.npmtest_dynamoose.rollup.js\"></script>\\n\\","<script src=\"assets.example.js\"></script>\\n\\","<script src=\"assets.test.js\"></script>\\n\\","<!-- utility2-comment\\n\\","{{/if isRollup}}\\n\\","utility2-comment -->\\n\\","<div class=\"utility2FooterDiv\">\\n\\","    [ this app was created with\\n\\","    <a href=\"https://github.com/kaizhu256/node-utility2\" target=\"_blank\">utility2</a>\\n\\","    ]\\n\\","</div>\\n\\","</body>\\n\\","</html>\\n\\","';","        /* jslint-ignore-end */","        if (local.templateRender) {","            local.assetsDict['/'] = local.templateRender(","                local.assetsDict['/assets.index.template.html'],","                {","                    env: local.objectSetDefault(local.env, {","                        npm_package_description: 'the greatest app in the world!',","                        npm_package_name: 'my-app',","                        npm_package_nameAlias: 'my_app',","                        npm_package_version: '0.0.1'","                    })","                }","            );","        } else {","            local.assetsDict['/'] = local.assetsDict['/assets.index.template.html']","                .replace((/\\{\\{env\\.(\\w+?)\\}\\}/g), function (match0, match1) {","                    // jslint-hack","                    String(match0);","                    switch (match1) {","                    case 'npm_package_description':","                        return 'the greatest app in the world!';","                    case 'npm_package_name':","                        return 'my-app';","                    case 'npm_package_nameAlias':","                        return 'my_app';","                    case 'npm_package_version':","                        return '0.0.1';","                    }","                });","        }","        // run the cli","        if (local.global.utility2_rollup || module !== require.main) {","            break;","        }","        local.assetsDict['/assets.example.js'] =","            local.assetsDict['/assets.example.js'] ||","            local.fs.readFileSync(__filename, 'utf8');","        // bug-workaround - long $npm_package_buildCustomOrg","        /* jslint-ignore-begin */","        local.assetsDict['/assets.npmtest_dynamoose.rollup.js'] =","            local.assetsDict['/assets.npmtest_dynamoose.rollup.js'] ||","            local.fs.readFileSync(","                local.npmtest_dynamoose.__dirname + '/lib.npmtest_dynamoose.js',","                'utf8'","            ).replace((/^#!/), '//');","        /* jslint-ignore-end */","        local.assetsDict['/favicon.ico'] = local.assetsDict['/favicon.ico'] || '';","        // if $npm_config_timeout_exit exists,","        // then exit this process after $npm_config_timeout_exit ms","        if (Number(process.env.npm_config_timeout_exit)) {","            setTimeout(process.exit, Number(process.env.npm_config_timeout_exit));","        }","        // start server","        if (local.global.utility2_serverHttp1) {","            break;","        }","        process.env.PORT = process.env.PORT || '8081';","        console.error('server starting on port ' + process.env.PORT);","        local.http.createServer(function (request, response) {","            request.urlParsed = local.url.parse(request.url);","            if (local.assetsDict[request.urlParsed.pathname] !== undefined) {","                response.end(local.assetsDict[request.urlParsed.pathname]);","                return;","            }","            response.statusCode = 404;","            response.end();","        }).listen(process.env.PORT);","        break;","    }","}());",""],"l":{"26":2,"28":2,"33":2,"35":2,"37":2,"38":2,"39":2,"44":1,"51":2,"55":2,"59":2,"61":2,"69":1,"70":2,"76":2,"79":2,"82":2,"83":2,"85":1,"89":2,"92":1,"93":1,"94":1,"96":1,"97":1,"100":1,"101":1,"103":1,"106":1,"108":2,"114":1,"116":1,"118":1,"123":1,"124":2,"125":2,"126":3,"127":3,"128":3,"129":3,"130":1,"133":3,"134":3,"139":3,"143":1,"144":3,"145":1,"149":1,"150":1,"158":1,"160":1,"161":1,"162":1,"164":1,"166":1,"258":1,"259":1,"271":1,"274":6,"275":6,"277":1,"279":2,"281":1,"283":2,"288":1,"289":1,"291":1,"296":1,"303":1,"306":1,"307":1,"310":1,"311":1,"313":1,"314":1,"315":1,"316":1,"317":1,"318":1,"319":1,"321":1,"322":1,"324":1}},"/home/travis/build/npmtest/node-npmtest-dynamoose/node_modules/dynamoose/index.js":{"path":"/home/travis/build/npmtest/node-npmtest-dynamoose/node_modules/dynamoose/index.js","s":{"1":1},"b":{},"f":{},"fnMap":{},"statementMap":{"1":{"start":{"line":1,"column":0},"end":{"line":1,"column":44}}},"branchMap":{},"code":["exports = module.exports = require('./lib');",""],"l":{"1":1}},"/home/travis/build/npmtest/node-npmtest-dynamoose/node_modules/dynamoose/lib/index.js":{"path":"/home/travis/build/npmtest/node-npmtest-dynamoose/node_modules/dynamoose/lib/index.js","s":{"1":1,"2":1,"3":1,"4":1,"5":1,"6":1,"7":1,"8":0,"9":0,"10":0,"11":0,"12":0,"13":0,"14":0,"15":0,"16":0,"17":0,"18":0,"19":0,"20":1,"21":1,"22":1,"23":0,"24":0,"25":1,"26":0,"27":0,"28":0,"29":0,"30":0,"31":0,"32":0,"33":0,"34":1,"35":0,"36":0,"37":0,"38":1,"39":1,"40":1,"41":1},"b":{"1":[0,0],"2":[0,0],"3":[0,0],"4":[0,0],"5":[0,0],"6":[0,0],"7":[0,0],"8":[0,0]},"f":{"1":1,"2":0,"3":0,"4":0,"5":0},"fnMap":{"1":{"name":"Dynamoose","line":8,"loc":{"start":{"line":8,"column":0},"end":{"line":8,"column":22}}},"2":{"name":"(anonymous_2)","line":19,"loc":{"start":{"line":19,"column":28},"end":{"line":19,"column":60}}},"3":{"name":"(anonymous_3)","line":53,"loc":{"start":{"line":53,"column":28},"end":{"line":53,"column":43}}},"4":{"name":"(anonymous_4)","line":58,"loc":{"start":{"line":58,"column":26},"end":{"line":58,"column":38}}},"5":{"name":"(anonymous_5)","line":72,"loc":{"start":{"line":72,"column":34},"end":{"line":72,"column":53}}}},"statementMap":{"1":{"start":{"line":3,"column":0},"end":{"line":3,"column":33}},"2":{"start":{"line":4,"column":0},"end":{"line":4,"column":31}},"3":{"start":{"line":6,"column":0},"end":{"line":6,"column":42}},"4":{"start":{"line":8,"column":0},"end":{"line":17,"column":1}},"5":{"start":{"line":9,"column":2},"end":{"line":9,"column":19}},"6":{"start":{"line":11,"column":2},"end":{"line":16,"column":4}},"7":{"start":{"line":19,"column":0},"end":{"line":40,"column":2}},"8":{"start":{"line":20,"column":2},"end":{"line":20,"column":26}},"9":{"start":{"line":22,"column":2},"end":{"line":24,"column":3}},"10":{"start":{"line":23,"column":4},"end":{"line":23,"column":93}},"11":{"start":{"line":26,"column":2},"end":{"line":26,"column":31}},"12":{"start":{"line":28,"column":2},"end":{"line":28,"column":37}},"13":{"start":{"line":30,"column":2},"end":{"line":32,"column":3}},"14":{"start":{"line":31,"column":4},"end":{"line":31,"column":29}},"15":{"start":{"line":33,"column":2},"end":{"line":35,"column":3}},"16":{"start":{"line":34,"column":4},"end":{"line":34,"column":41}},"17":{"start":{"line":37,"column":2},"end":{"line":37,"column":57}},"18":{"start":{"line":38,"column":2},"end":{"line":38,"column":28}},"19":{"start":{"line":39,"column":2},"end":{"line":39,"column":15}},"20":{"start":{"line":49,"column":0},"end":{"line":49,"column":59}},"21":{"start":{"line":51,"column":0},"end":{"line":51,"column":45}},"22":{"start":{"line":53,"column":0},"end":{"line":56,"column":2}},"23":{"start":{"line":54,"column":2},"end":{"line":54,"column":52}},"24":{"start":{"line":55,"column":2},"end":{"line":55,"column":60}},"25":{"start":{"line":58,"column":0},"end":{"line":70,"column":2}},"26":{"start":{"line":59,"column":2},"end":{"line":61,"column":3}},"27":{"start":{"line":60,"column":4},"end":{"line":60,"column":25}},"28":{"start":{"line":62,"column":2},"end":{"line":68,"column":3}},"29":{"start":{"line":63,"column":4},"end":{"line":63,"column":54}},"30":{"start":{"line":64,"column":4},"end":{"line":64,"column":97}},"31":{"start":{"line":66,"column":4},"end":{"line":66,"column":38}},"32":{"start":{"line":67,"column":4},"end":{"line":67,"column":44}},"33":{"start":{"line":69,"column":2},"end":{"line":69,"column":23}},"34":{"start":{"line":72,"column":0},"end":{"line":79,"column":2}},"35":{"start":{"line":74,"column":2},"end":{"line":76,"column":3}},"36":{"start":{"line":75,"column":4},"end":{"line":75,"column":93}},"37":{"start":{"line":78,"column":2},"end":{"line":78,"column":26}},"38":{"start":{"line":81,"column":0},"end":{"line":81,"column":36}},"39":{"start":{"line":82,"column":0},"end":{"line":82,"column":47}},"40":{"start":{"line":83,"column":0},"end":{"line":83,"column":42}},"41":{"start":{"line":85,"column":0},"end":{"line":85,"column":33}}},"branchMap":{"1":{"line":20,"type":"binary-expr","locations":[{"start":{"line":20,"column":12},"end":{"line":20,"column":19}},{"start":{"line":20,"column":23},"end":{"line":20,"column":25}}]},"2":{"line":23,"type":"cond-expr","locations":[{"start":{"line":23,"column":59},"end":{"line":23,"column":77}},{"start":{"line":23,"column":80},"end":{"line":23,"column":92}}]},"3":{"line":30,"type":"if","locations":[{"start":{"line":30,"column":2},"end":{"line":30,"column":2}},{"start":{"line":30,"column":2},"end":{"line":30,"column":2}}]},"4":{"line":33,"type":"if","locations":[{"start":{"line":33,"column":2},"end":{"line":33,"column":2}},{"start":{"line":33,"column":2},"end":{"line":33,"column":2}}]},"5":{"line":54,"type":"binary-expr","locations":[{"start":{"line":54,"column":21},"end":{"line":54,"column":24}},{"start":{"line":54,"column":28},"end":{"line":54,"column":51}}]},"6":{"line":59,"type":"if","locations":[{"start":{"line":59,"column":2},"end":{"line":59,"column":2}},{"start":{"line":59,"column":2},"end":{"line":59,"column":2}}]},"7":{"line":62,"type":"if","locations":[{"start":{"line":62,"column":2},"end":{"line":62,"column":2}},{"start":{"line":62,"column":2},"end":{"line":62,"column":2}}]},"8":{"line":75,"type":"cond-expr","locations":[{"start":{"line":75,"column":59},"end":{"line":75,"column":77}},{"start":{"line":75,"column":80},"end":{"line":75,"column":92}}]}},"code":["'use strict';","","var Schema = require('./Schema');","var Model = require('./Model');","","var debug = require('debug')('dynamoose');","","function Dynamoose () {","  this.models = {};","","  this.defaults = {","    create: true,","    waitForActive: true, // Wait for table to be created","    waitForActiveTimeout: 180000, // 3 minutes","    prefix: ''","  }; // defaults","}","","Dynamoose.prototype.model = function(name, schema, options) {","  options = options || {};","","  for(var key in this.defaults) {","    options[key] = (typeof options[key] === 'undefined') ? this.defaults[key] : options[key];","  }","","  name = options.prefix + name;","","  debug('Looking up model %s', name);","","  if(this.models[name]) {","    return this.models[name];","  }","  if (!(schema instanceof Schema)) {","    schema = new Schema(schema, options);","  }","","  var model = Model.compile(name, schema, options, this);","  this.models[name] = model;","  return model;","};","","/**"," * The Mongoose [VirtualType](#virtualtype_VirtualType) constructor"," *"," * @method VirtualType"," * @api public"," */","","Dynamoose.prototype.VirtualType = require('./VirtualType');","","Dynamoose.prototype.AWS = require('aws-sdk');","","Dynamoose.prototype.local = function (url) {","  this.endpointURL = url || 'http://localhost:8000';","  debug('Setting DynamoDB to local (%s)', this.endpointURL);","};","","Dynamoose.prototype.ddb = function () {","  if(this.dynamoDB) {","    return this.dynamoDB;","  }","  if(this.endpointURL) {","    debug('Setting DynamoDB to %s', this.endpointURL);","    this.dynamoDB = new this.AWS.DynamoDB({ endpoint: new this.AWS.Endpoint(this.endpointURL) });","  } else {","    debug('Getting default DynamoDB');","    this.dynamoDB = new this.AWS.DynamoDB();","  }","  return this.dynamoDB;","};","","Dynamoose.prototype.setDefaults = function (options) {","","  for(var key in this.defaults) {","    options[key] = (typeof options[key] === 'undefined') ? this.defaults[key] : options[key];","  }","","  this.defaults = options;","};","","Dynamoose.prototype.Schema = Schema;","Dynamoose.prototype.Table = require('./Table');","Dynamoose.prototype.Dynamoose = Dynamoose;","","module.exports = new Dynamoose();",""],"l":{"3":1,"4":1,"6":1,"8":1,"9":1,"11":1,"19":1,"20":0,"22":0,"23":0,"26":0,"28":0,"30":0,"31":0,"33":0,"34":0,"37":0,"38":0,"39":0,"49":1,"51":1,"53":1,"54":0,"55":0,"58":1,"59":0,"60":0,"62":0,"63":0,"64":0,"66":0,"67":0,"69":0,"72":1,"74":0,"75":0,"78":0,"81":1,"82":1,"83":1,"85":1}},"/home/travis/build/npmtest/node-npmtest-dynamoose/node_modules/dynamoose/lib/Schema.js":{"path":"/home/travis/build/npmtest/node-npmtest-dynamoose/node_modules/dynamoose/lib/Schema.js","s":{"1":1,"2":1,"3":1,"4":1,"5":1,"6":0,"7":0,"8":0,"9":0,"10":0,"11":0,"12":0,"13":0,"14":0,"15":0,"16":0,"17":0,"18":0,"19":0,"20":0,"21":0,"22":0,"23":0,"24":0,"25":0,"26":0,"27":0,"28":0,"29":0,"30":0,"31":0,"32":0,"33":0,"34":0,"35":0,"36":0,"37":0,"38":0,"39":0,"40":0,"41":0,"42":0,"43":0,"44":1,"45":0,"46":0,"47":0,"48":0,"49":0,"50":0,"51":0,"52":0,"53":0,"54":1,"55":0,"56":0,"57":0,"58":0,"59":0,"60":0,"61":1,"62":0,"63":0,"64":0,"65":0,"66":0,"67":1,"68":0,"69":0,"70":0,"71":0,"72":0,"73":1,"74":0,"75":0,"76":0,"77":0,"78":1,"79":0,"80":1},"b":{"1":[0,0],"2":[0,0],"3":[0,0],"4":[0,0],"5":[0,0,0,0],"6":[0,0],"7":[0,0],"8":[0,0],"9":[0,0],"10":[0,0],"11":[0,0],"12":[0,0],"13":[0,0],"14":[0,0],"15":[0,0],"16":[0,0],"17":[0,0],"18":[0,0]},"f":{"1":0,"2":0,"3":0,"4":0,"5":0,"6":0,"7":0,"8":0,"9":0},"fnMap":{"1":{"name":"Schema","line":12,"loc":{"start":{"line":12,"column":0},"end":{"line":12,"column":30}}},"2":{"name":"(anonymous_2)","line":59,"loc":{"start":{"line":59,"column":59},"end":{"line":59,"column":70}}},"3":{"name":"(anonymous_3)","line":86,"loc":{"start":{"line":86,"column":28},"end":{"line":86,"column":44}}},"4":{"name":"(anonymous_4)","line":103,"loc":{"start":{"line":103,"column":31},"end":{"line":103,"column":58}}},"5":{"name":"(anonymous_5)","line":150,"loc":{"start":{"line":150,"column":26},"end":{"line":150,"column":46}}},"6":{"name":"(anonymous_6)","line":183,"loc":{"start":{"line":183,"column":26},"end":{"line":183,"column":45}}},"7":{"name":"(anonymous_7)","line":203,"loc":{"start":{"line":203,"column":27},"end":{"line":203,"column":52}}},"8":{"name":"(anonymous_8)","line":207,"loc":{"start":{"line":207,"column":44},"end":{"line":207,"column":68}}},"9":{"name":"(anonymous_9)","line":220,"loc":{"start":{"line":220,"column":31},"end":{"line":220,"column":47}}}},"statementMap":{"1":{"start":{"line":3,"column":0},"end":{"line":3,"column":39}},"2":{"start":{"line":4,"column":0},"end":{"line":4,"column":33}},"3":{"start":{"line":5,"column":0},"end":{"line":5,"column":43}},"4":{"start":{"line":8,"column":0},"end":{"line":8,"column":49}},"5":{"start":{"line":12,"column":0},"end":{"line":77,"column":1}},"6":{"start":{"line":13,"column":2},"end":{"line":13,"column":32}},"7":{"start":{"line":15,"column":2},"end":{"line":15,"column":31}},"8":{"start":{"line":17,"column":2},"end":{"line":17,"column":20}},"9":{"start":{"line":18,"column":2},"end":{"line":18,"column":20}},"10":{"start":{"line":19,"column":2},"end":{"line":19,"column":21}},"11":{"start":{"line":20,"column":2},"end":{"line":20,"column":17}},"12":{"start":{"line":22,"column":2},"end":{"line":30,"column":3}},"13":{"start":{"line":23,"column":4},"end":{"line":23,"column":45}},"14":{"start":{"line":24,"column":4},"end":{"line":26,"column":5}},"15":{"start":{"line":25,"column":6},"end":{"line":25,"column":57}},"16":{"start":{"line":27,"column":4},"end":{"line":27,"column":33}},"17":{"start":{"line":29,"column":4},"end":{"line":29,"column":42}},"18":{"start":{"line":32,"column":2},"end":{"line":35,"column":3}},"19":{"start":{"line":34,"column":4},"end":{"line":34,"column":74}},"20":{"start":{"line":40,"column":2},"end":{"line":61,"column":3}},"21":{"start":{"line":41,"column":4},"end":{"line":41,"column":25}},"22":{"start":{"line":42,"column":4},"end":{"line":42,"column":25}},"23":{"start":{"line":44,"column":4},"end":{"line":56,"column":5}},"24":{"start":{"line":45,"column":6},"end":{"line":45,"column":30}},"25":{"start":{"line":46,"column":6},"end":{"line":46,"column":30}},"26":{"start":{"line":47,"column":11},"end":{"line":56,"column":5}},"27":{"start":{"line":48,"column":6},"end":{"line":53,"column":7}},"28":{"start":{"line":49,"column":8},"end":{"line":49,"column":54}},"29":{"start":{"line":50,"column":8},"end":{"line":50,"column":54}},"30":{"start":{"line":52,"column":8},"end":{"line":52,"column":122}},"31":{"start":{"line":55,"column":6},"end":{"line":55,"column":76}},"32":{"start":{"line":58,"column":4},"end":{"line":58,"column":55}},"33":{"start":{"line":59,"column":4},"end":{"line":59,"column":95}},"34":{"start":{"line":59,"column":72},"end":{"line":59,"column":90}},"35":{"start":{"line":60,"column":4},"end":{"line":60,"column":69}},"36":{"start":{"line":63,"column":2},"end":{"line":63,"column":58}},"37":{"start":{"line":65,"column":2},"end":{"line":65,"column":23}},"38":{"start":{"line":66,"column":2},"end":{"line":66,"column":41}},"39":{"start":{"line":68,"column":2},"end":{"line":76,"column":3}},"40":{"start":{"line":70,"column":4},"end":{"line":72,"column":5}},"41":{"start":{"line":71,"column":6},"end":{"line":71,"column":64}},"42":{"start":{"line":74,"column":4},"end":{"line":74,"column":53}},"43":{"start":{"line":75,"column":4},"end":{"line":75,"column":59}},"44":{"start":{"line":86,"column":0},"end":{"line":101,"column":2}},"45":{"start":{"line":88,"column":2},"end":{"line":88,"column":21}},"46":{"start":{"line":90,"column":2},"end":{"line":97,"column":3}},"47":{"start":{"line":91,"column":4},"end":{"line":91,"column":37}},"48":{"start":{"line":92,"column":4},"end":{"line":92,"column":27}},"49":{"start":{"line":93,"column":4},"end":{"line":93,"column":66}},"50":{"start":{"line":94,"column":4},"end":{"line":96,"column":5}},"51":{"start":{"line":95,"column":6},"end":{"line":95,"column":40}},"52":{"start":{"line":99,"column":2},"end":{"line":99,"column":52}},"53":{"start":{"line":100,"column":2},"end":{"line":100,"column":19}},"54":{"start":{"line":103,"column":0},"end":{"line":116,"column":2}},"55":{"start":{"line":105,"column":2},"end":{"line":110,"column":3}},"56":{"start":{"line":106,"column":4},"end":{"line":106,"column":77}},"57":{"start":{"line":107,"column":4},"end":{"line":109,"column":5}},"58":{"start":{"line":108,"column":6},"end":{"line":108,"column":32}},"59":{"start":{"line":112,"column":2},"end":{"line":112,"column":49}},"60":{"start":{"line":114,"column":2},"end":{"line":114,"column":19}},"61":{"start":{"line":150,"column":0},"end":{"line":159,"column":2}},"62":{"start":{"line":151,"column":2},"end":{"line":157,"column":3}},"63":{"start":{"line":152,"column":4},"end":{"line":154,"column":5}},"64":{"start":{"line":153,"column":6},"end":{"line":153,"column":32}},"65":{"start":{"line":156,"column":4},"end":{"line":156,"column":28}},"66":{"start":{"line":158,"column":2},"end":{"line":158,"column":14}},"67":{"start":{"line":183,"column":0},"end":{"line":192,"column":2}},"68":{"start":{"line":184,"column":2},"end":{"line":190,"column":3}},"69":{"start":{"line":185,"column":4},"end":{"line":187,"column":5}},"70":{"start":{"line":186,"column":6},"end":{"line":186,"column":32}},"71":{"start":{"line":189,"column":4},"end":{"line":189,"column":28}},"72":{"start":{"line":191,"column":2},"end":{"line":191,"column":14}},"73":{"start":{"line":203,"column":0},"end":{"line":211,"column":2}},"74":{"start":{"line":205,"column":2},"end":{"line":205,"column":30}},"75":{"start":{"line":207,"column":2},"end":{"line":210,"column":16}},"76":{"start":{"line":208,"column":4},"end":{"line":208,"column":92}},"77":{"start":{"line":209,"column":4},"end":{"line":209,"column":21}},"78":{"start":{"line":220,"column":0},"end":{"line":222,"column":2}},"79":{"start":{"line":221,"column":2},"end":{"line":221,"column":29}},"80":{"start":{"line":225,"column":0},"end":{"line":225,"column":24}}},"branchMap":{"1":{"line":15,"type":"binary-expr","locations":[{"start":{"line":15,"column":17},"end":{"line":15,"column":24}},{"start":{"line":15,"column":28},"end":{"line":15,"column":30}}]},"2":{"line":22,"type":"if","locations":[{"start":{"line":22,"column":2},"end":{"line":22,"column":2}},{"start":{"line":22,"column":2},"end":{"line":22,"column":2}}]},"3":{"line":24,"type":"if","locations":[{"start":{"line":24,"column":4},"end":{"line":24,"column":4}},{"start":{"line":24,"column":4},"end":{"line":24,"column":4}}]},"4":{"line":32,"type":"if","locations":[{"start":{"line":32,"column":2},"end":{"line":32,"column":2}},{"start":{"line":32,"column":2},"end":{"line":32,"column":2}}]},"5":{"line":32,"type":"binary-expr","locations":[{"start":{"line":32,"column":6},"end":{"line":32,"column":27}},{"start":{"line":32,"column":31},"end":{"line":32,"column":53}},{"start":{"line":33,"column":4},"end":{"line":33,"column":29}},{"start":{"line":33,"column":33},"end":{"line":33,"column":59}}]},"6":{"line":40,"type":"if","locations":[{"start":{"line":40,"column":2},"end":{"line":40,"column":2}},{"start":{"line":40,"column":2},"end":{"line":40,"column":2}}]},"7":{"line":44,"type":"if","locations":[{"start":{"line":44,"column":4},"end":{"line":44,"column":4}},{"start":{"line":44,"column":4},"end":{"line":44,"column":4}}]},"8":{"line":47,"type":"if","locations":[{"start":{"line":47,"column":11},"end":{"line":47,"column":11}},{"start":{"line":47,"column":11},"end":{"line":47,"column":11}}]},"9":{"line":48,"type":"if","locations":[{"start":{"line":48,"column":6},"end":{"line":48,"column":6}},{"start":{"line":48,"column":6},"end":{"line":48,"column":6}}]},"10":{"line":48,"type":"binary-expr","locations":[{"start":{"line":48,"column":10},"end":{"line":48,"column":43}},{"start":{"line":48,"column":47},"end":{"line":48,"column":80}}]},"11":{"line":70,"type":"if","locations":[{"start":{"line":70,"column":4},"end":{"line":70,"column":4}},{"start":{"line":70,"column":4},"end":{"line":70,"column":4}}]},"12":{"line":94,"type":"if","locations":[{"start":{"line":94,"column":4},"end":{"line":94,"column":4}},{"start":{"line":94,"column":4},"end":{"line":94,"column":4}}]},"13":{"line":107,"type":"if","locations":[{"start":{"line":107,"column":4},"end":{"line":107,"column":4}},{"start":{"line":107,"column":4},"end":{"line":107,"column":4}}]},"14":{"line":107,"type":"binary-expr","locations":[{"start":{"line":107,"column":7},"end":{"line":107,"column":28}},{"start":{"line":107,"column":32},"end":{"line":107,"column":48}}]},"15":{"line":151,"type":"if","locations":[{"start":{"line":151,"column":2},"end":{"line":151,"column":2}},{"start":{"line":151,"column":2},"end":{"line":151,"column":2}}]},"16":{"line":184,"type":"if","locations":[{"start":{"line":184,"column":2},"end":{"line":184,"column":2}},{"start":{"line":184,"column":2},"end":{"line":184,"column":2}}]},"17":{"line":208,"type":"binary-expr","locations":[{"start":{"line":208,"column":4},"end":{"line":208,"column":13}},{"start":{"line":208,"column":18},"end":{"line":208,"column":90}}]},"18":{"line":208,"type":"cond-expr","locations":[{"start":{"line":208,"column":55},"end":{"line":208,"column":85}},{"start":{"line":208,"column":88},"end":{"line":208,"column":90}}]}},"code":["'use strict';","","var Attribute = require('./Attribute');","var errors = require('./errors');","var VirtualType = require('./VirtualType');","//var util = require('util');","","var debug = require('debug')('dynamoose:schema');","","","","function Schema(obj, options) {","  debug('Creating Schema', obj);","","  this.options = options || {};","","  this.methods = {};","  this.statics = {};","  this.virtuals = {};","  this.tree = {};","","  if(this.options.throughput) {","    var throughput = this.options.throughput;","    if(typeof throughput === 'number') {","      throughput = {read: throughput, write: throughput};","    }","    this.throughput = throughput;","  } else {","    this.throughput = {read: 1, write: 1};","  }","","  if((!this.throughput.read || !this.throughput.write) &&","    this.throughput.read >= 1 && this.throughput.write >= 1) {","    throw new errors.SchemaError('Invalid throughput: '+ this.throughput);","  }","","  /*","    * Added support for timestamps attribute","    */","  if (this.options.timestamps) {","    var createdAt = null;","    var updatedAt = null;","","    if (this.options.timestamps === true) {","      createdAt = 'createdAt';","      updatedAt = 'updatedAt';","    } else if (typeof this.options.timestamps === 'object') {","      if (this.options.timestamps.createdAt && this.options.timestamps.updatedAt) {","        createdAt = this.options.timestamps.createdAt;","        updatedAt = this.options.timestamps.updatedAt;","      } else {","        throw new errors.SchemaError('Missing createdAt and updatedAt timestamps attribute. Maybe set timestamps: true?');","      }","    } else {","      throw new errors.SchemaError('Invalid syntax for timestamp: ' + name);","    }","","    obj[createdAt] = { type: Date, default: Date.now };","    obj[updatedAt] = { type: Date, default: Date.now, set: function() { return Date.now(); } };","    this.timestamps = { createdAt: createdAt, updatedAt: updatedAt };","  }","","  this.useDocumentTypes = !!this.options.useDocumentTypes;","","  this.attributes = {};","  this.indexes = {local: {}, global: {}};","","  for(var n in obj) {","","    if(this.attributes[n]) {","      throw new errors.SchemaError('Duplicate attribute: ' + n);","    }","","    debug('Adding Attribute to Schema (%s)', n, obj);","    this.attributes[n] = Attribute.create(this, n, obj[n]);","  }","}","","/*Schema.prototype.attribute = function(name, obj) {","  debug('Adding Attribute to Schema (%s)', name, obj);","","  this Attribute.create(name, obj);","","};*/","","Schema.prototype.toDynamo = function(model) {","","  var dynamoObj = {};","  //debug('toDynamo with schema attributes', this.attributes);","  for(var name in this.attributes) {","    var attr = this.attributes[name];","    attr.setDefault(model);","    var dynamoAttr = attr.toDynamo(model[name], undefined, model);","    if(dynamoAttr) {","      dynamoObj[attr.name] = dynamoAttr;","    }","  }","","  debug('toDynamo: %s', JSON.stringify(dynamoObj) );","  return dynamoObj;","};","","Schema.prototype.parseDynamo = function(model, dynamoObj) {","","  for(var attrName in this.attributes) {","    var attrVal = this.attributes[attrName].parseDynamo(dynamoObj[attrName]);","    if(attrVal !== undefined && attrVal !== null){","      model[attrName] = attrVal;","    }","  }","","  debug('parseDynamo: %s',JSON.stringify(model));","","  return dynamoObj;","","};","","/**"," * Adds an instance method to documents constructed from Models compiled from this schema."," *"," * ####Example"," *"," *     var schema = kittySchema = new Schema(..);"," *"," *     schema.method('meow', function () {"," *       console.log('meeeeeoooooooooooow');"," *     })"," *"," *     var Kitty = mongoose.model('Kitty', schema);"," *"," *     var fizz = new Kitty;"," *     fizz.meow(); // meeeeeooooooooooooow"," *"," * If a hash of name/fn pairs is passed as the only argument, each name/fn pair will be added as methods."," *"," *     schema.method({"," *         purr: function () {}"," *       , scratch: function () {}"," *     });"," *"," *     // later"," *     fizz.purr();"," *     fizz.scratch();"," *"," * @param {String|Object} method name"," * @param {Function} [fn]"," * @api public"," */","","Schema.prototype.method = function (name, fn) {","  if (typeof name !== 'string' ){","    for (var i in name){","      this.methods[i] = name[i];","    }","  } else {","    this.methods[name] = fn;","  }","  return this;","};","","/**"," * Adds static \"class\" methods to Models compiled from this schema."," *"," * ####Example"," *"," *     var schema = new Schema(..);"," *     schema.static('findByName', function (name, callback) {"," *       return this.find({ name: name }, callback);"," *     });"," *"," *     var Drink = mongoose.model('Drink', schema);"," *     Drink.findByName('sanpellegrino', function (err, drinks) {"," *       //"," *     });"," *"," * If a hash of name/fn pairs is passed as the only argument, each name/fn pair will be added as statics."," *"," * @param {String} name"," * @param {Function} fn"," * @api public"," */","","Schema.prototype.static = function(name, fn) {","  if (typeof name !== 'string' ){","    for (var i in name){","      this.statics[i] = name[i];","    }","  } else {","    this.statics[name] = fn;","  }","  return this;","};","","","/**"," * Creates a virtual type with the given name."," *"," * @param {String} name"," * @param {Object} [options]"," * @return {VirtualType}"," */","","Schema.prototype.virtual = function (name, options) {","  //var virtuals = this.virtuals;","  var parts = name.split('.');","","  return this.virtuals[name] = parts.reduce(function (mem, part, i) {","    mem[part] || (mem[part] = (i === parts.length-1) ? new VirtualType(options, name) : {});","    return mem[part];","  }, this.tree);","};","","/**"," * Returns the virtual type with the given `name`."," *"," * @param {String} name"," * @return {VirtualType}"," */","","Schema.prototype.virtualpath = function (name) {","  return this.virtuals[name];","};","","","module.exports = Schema;",""],"l":{"3":1,"4":1,"5":1,"8":1,"12":1,"13":0,"15":0,"17":0,"18":0,"19":0,"20":0,"22":0,"23":0,"24":0,"25":0,"27":0,"29":0,"32":0,"34":0,"40":0,"41":0,"42":0,"44":0,"45":0,"46":0,"47":0,"48":0,"49":0,"50":0,"52":0,"55":0,"58":0,"59":0,"60":0,"63":0,"65":0,"66":0,"68":0,"70":0,"71":0,"74":0,"75":0,"86":1,"88":0,"90":0,"91":0,"92":0,"93":0,"94":0,"95":0,"99":0,"100":0,"103":1,"105":0,"106":0,"107":0,"108":0,"112":0,"114":0,"150":1,"151":0,"152":0,"153":0,"156":0,"158":0,"183":1,"184":0,"185":0,"186":0,"189":0,"191":0,"203":1,"205":0,"207":0,"208":0,"209":0,"220":1,"221":0,"225":1}},"/home/travis/build/npmtest/node-npmtest-dynamoose/node_modules/dynamoose/lib/Attribute.js":{"path":"/home/travis/build/npmtest/node-npmtest-dynamoose/node_modules/dynamoose/lib/Attribute.js","s":{"1":1,"2":1,"3":1,"4":1,"5":0,"6":0,"7":0,"8":0,"9":0,"10":0,"11":0,"12":0,"13":0,"14":0,"15":0,"16":0,"17":0,"18":0,"19":0,"20":0,"21":0,"22":0,"23":0,"24":0,"25":0,"26":0,"27":0,"28":0,"29":0,"30":0,"31":0,"32":0,"33":0,"34":0,"35":0,"36":0,"37":0,"38":0,"39":0,"40":0,"41":0,"42":0,"43":1,"44":0,"45":0,"46":0,"47":1,"48":1,"49":0,"50":0,"51":0,"52":0,"53":0,"54":0,"55":0,"56":0,"57":0,"58":0,"59":0,"60":0,"61":0,"62":0,"63":0,"64":0,"65":0,"66":0,"67":0,"68":0,"69":0,"70":0,"71":0,"72":1,"73":0,"74":0,"75":0,"76":0,"77":0,"78":0,"79":1,"80":0,"81":0,"82":0,"83":0,"84":0,"85":0,"86":0,"87":0,"88":0,"89":1,"90":0,"91":0,"92":0,"93":0,"94":0,"95":1,"96":0,"97":0,"98":0,"99":0,"100":0,"101":0,"102":0,"103":0,"104":0,"105":0,"106":0,"107":0,"108":0,"109":0,"110":0,"111":0,"112":0,"113":0,"114":0,"115":0,"116":0,"117":0,"118":0,"119":0,"120":0,"121":0,"122":0,"123":1,"124":0,"125":0,"126":0,"127":0,"128":0,"129":0,"130":1,"131":0,"132":0,"133":0,"134":0,"135":0,"136":0,"137":0,"138":0,"139":0,"140":0,"141":0,"142":0,"143":0,"144":0,"145":0,"146":0,"147":0,"148":0,"149":0,"150":0,"151":0,"152":0,"153":0,"154":0,"155":0,"156":0,"157":0,"158":0,"159":0,"160":0,"161":0,"162":0,"163":0,"164":0,"165":0,"166":0,"167":0,"168":0,"169":0,"170":0,"171":0,"172":0,"173":0,"174":0,"175":0,"176":0,"177":0,"178":0,"179":0,"180":0,"181":0,"182":0,"183":0,"184":0,"185":0,"186":0,"187":0,"188":0,"189":0,"190":0,"191":0,"192":0,"193":1,"194":1,"195":0,"196":0,"197":0,"198":0,"199":0,"200":0,"201":0,"202":0,"203":0,"204":0,"205":0,"206":0,"207":1,"208":0,"209":0,"210":0,"211":0,"212":0,"213":0,"214":0,"215":0,"216":1,"217":0,"218":0,"219":0,"220":0,"221":0,"222":0,"223":0,"224":0,"225":0,"226":0,"227":0,"228":1,"229":0,"230":0,"231":1,"232":0,"233":1,"234":0,"235":0,"236":0,"237":0,"238":0,"239":0,"240":0,"241":0,"242":0,"243":0,"244":0,"245":0,"246":0,"247":0,"248":0,"249":0,"250":0,"251":0,"252":0,"253":0,"254":0,"255":0,"256":0,"257":0,"258":0,"259":0,"260":0,"261":0,"262":0,"263":1,"264":0,"265":0,"266":0,"267":0,"268":0,"269":0,"270":0,"271":0,"272":0,"273":0,"274":0,"275":0,"276":0,"277":0,"278":0,"279":0,"280":0,"281":0,"282":0,"283":0},"b":{"1":[0,0],"2":[0,0],"3":[0,0],"4":[0,0],"5":[0,0],"6":[0,0],"7":[0,0],"8":[0,0],"9":[0,0],"10":[0,0],"11":[0,0],"12":[0,0],"13":[0,0],"14":[0,0],"15":[0,0],"16":[0,0],"17":[0,0],"18":[0,0,0],"19":[0,0],"20":[0,0,0],"21":[0,0],"22":[0,0],"23":[0,0],"24":[0,0],"25":[0,0],"26":[0,0],"27":[0,0],"28":[0,0],"29":[0,0],"30":[0,0],"31":[0,0],"32":[0,0],"33":[0,0],"34":[0,0],"35":[0,0],"36":[0,0],"37":[0,0],"38":[0,0],"39":[0,0],"40":[0,0,0,0],"41":[0,0],"42":[0,0],"43":[0,0],"44":[0,0],"45":[0,0],"46":[0,0],"47":[0,0],"48":[0,0],"49":[0,0],"50":[0,0,0,0],"51":[0,0],"52":[0,0,0],"53":[0,0],"54":[0,0],"55":[0,0],"56":[0,0],"57":[0,0],"58":[0,0],"59":[0,0],"60":[0,0],"61":[0,0],"62":[0,0],"63":[0,0],"64":[0,0],"65":[0,0],"66":[0,0],"67":[0,0],"68":[0,0],"69":[0,0],"70":[0,0],"71":[0,0],"72":[0,0],"73":[0,0],"74":[0,0],"75":[0,0],"76":[0,0],"77":[0,0],"78":[0,0],"79":[0,0],"80":[0,0],"81":[0,0],"82":[0,0],"83":[0,0],"84":[0,0],"85":[0,0],"86":[0,0],"87":[0,0],"88":[0,0],"89":[0,0],"90":[0,0],"91":[0,0,0,0,0,0,0,0,0,0],"92":[0,0],"93":[0,0],"94":[0,0],"95":[0,0],"96":[0,0],"97":[0,0],"98":[0,0,0],"99":[0,0],"100":[0,0],"101":[0,0],"102":[0,0],"103":[0,0]},"f":{"1":0,"2":0,"3":0,"4":0,"5":0,"6":0,"7":0,"8":0,"9":0,"10":0,"11":0,"12":0,"13":0,"14":0,"15":0,"16":0,"17":0,"18":0,"19":0,"20":0,"21":0,"22":0},"fnMap":{"1":{"name":"Attribute","line":8,"loc":{"start":{"line":8,"column":0},"end":{"line":8,"column":40}}},"2":{"name":"datify","line":83,"loc":{"start":{"line":83,"column":0},"end":{"line":83,"column":19}}},"3":{"name":"(anonymous_3)","line":135,"loc":{"start":{"line":135,"column":30},"end":{"line":135,"column":46}}},"4":{"name":"(anonymous_4)","line":173,"loc":{"start":{"line":173,"column":35},"end":{"line":173,"column":50}}},"5":{"name":"(anonymous_5)","line":179,"loc":{"start":{"line":179,"column":19},"end":{"line":179,"column":30}}},"6":{"name":"(anonymous_6)","line":185,"loc":{"start":{"line":185,"column":38},"end":{"line":185,"column":58}}},"7":{"name":"
[...]
tart":{"line":295,"column":4},"end":{"line":295,"column":87}},"148":{"start":{"line":297,"column":2},"end":{"line":297,"column":44}},"149":{"start":{"line":300,"column":0},"end":{"line":306,"column":2}},"150":{"start":{"line":301,"column":2},"end":{"line":303,"column":3}},"151":{"start":{"line":302,"column":4},"end":{"line":302,"column":79}},"152":{"start":{"line":305,"column":2},"end":{"line":305,"column":34}},"153":{"start":{"line":308,"column":0},"end":{"line":313,"column":2}},"154":{"start":{"line":309,"column":2},"end":{"line":311,"column":3}},"155":{"start":{"line":310,"column":4},"end":{"line":310,"column":84}},"156":{"start":{"line":312,"column":2},"end":{"line":312,"column":41}},"157":{"start":{"line":315,"column":0},"end":{"line":318,"column":2}},"158":{"start":{"line":316,"column":2},"end":{"line":316,"column":29}},"159":{"start":{"line":317,"column":2},"end":{"line":317,"column":14}},"160":{"start":{"line":320,"column":0},"end":{"line":323,"column":2}},"161":{"start":{"line":321,"column":2},"end":{"line":321,"column":39}},"162":{"start":{"line":322,"column":2},"end":{"line":322,"column":14}},"163":{"start":{"line":325,"column":0},"end":{"line":328,"column":2}},"164":{"start":{"line":326,"column":2},"end":{"line":326,"column":39}},"165":{"start":{"line":327,"column":2},"end":{"line":327,"column":14}},"166":{"start":{"line":330,"column":0},"end":{"line":330,"column":22}}},"branchMap":{"1":{"line":9,"type":"binary-expr","locations":[{"start":{"line":9,"column":17},"end":{"line":9,"column":24}},{"start":{"line":9,"column":28},"end":{"line":9,"column":30}}]},"2":{"line":22,"type":"if","locations":[{"start":{"line":22,"column":2},"end":{"line":22,"column":2}},{"start":{"line":22,"column":2},"end":{"line":22,"column":2}}]},"3":{"line":25,"type":"if","locations":[{"start":{"line":25,"column":9},"end":{"line":25,"column":9}},{"start":{"line":25,"column":9},"end":{"line":25,"column":9}}]},"4":{"line":43,"type":"if","locations":[{"start":{"line":43,"column":2},"end":{"line":43,"column":2}},{"start":{"line":43,"column":2},"end":{"line":43,"column":2}}]},"5":{"line":53,"type":"if","locations":[{"start":{"line":53,"column":6},"end":{"line":53,"column":6}},{"start":{"line":53,"column":6},"end":{"line":53,"column":6}}]},"6":{"line":64,"type":"if","locations":[{"start":{"line":64,"column":2},"end":{"line":64,"column":2}},{"start":{"line":64,"column":2},"end":{"line":64,"column":2}}]},"7":{"line":68,"type":"if","locations":[{"start":{"line":68,"column":2},"end":{"line":68,"column":2}},{"start":{"line":68,"column":2},"end":{"line":68,"column":2}}]},"8":{"line":72,"type":"if","locations":[{"start":{"line":72,"column":2},"end":{"line":72,"column":2}},{"start":{"line":72,"column":2},"end":{"line":72,"column":2}}]},"9":{"line":76,"type":"if","locations":[{"start":{"line":76,"column":2},"end":{"line":76,"column":2}},{"start":{"line":76,"column":2},"end":{"line":76,"column":2}}]},"10":{"line":85,"type":"if","locations":[{"start":{"line":85,"column":6},"end":{"line":85,"column":6}},{"start":{"line":85,"column":6},"end":{"line":85,"column":6}}]},"11":{"line":91,"type":"if","locations":[{"start":{"line":91,"column":6},"end":{"line":91,"column":6}},{"start":{"line":91,"column":6},"end":{"line":91,"column":6}}]},"12":{"line":119,"type":"if","locations":[{"start":{"line":119,"column":2},"end":{"line":119,"column":2}},{"start":{"line":119,"column":2},"end":{"line":119,"column":2}}]},"13":{"line":128,"type":"if","locations":[{"start":{"line":128,"column":2},"end":{"line":128,"column":2}},{"start":{"line":128,"column":2},"end":{"line":128,"column":2}}]},"14":{"line":131,"type":"if","locations":[{"start":{"line":131,"column":6},"end":{"line":131,"column":6}},{"start":{"line":131,"column":6},"end":{"line":131,"column":6}}]},"15":{"line":134,"type":"if","locations":[{"start":{"line":134,"column":8},"end":{"line":134,"column":8}},{"start":{"line":134,"column":8},"end":{"line":134,"column":8}}]},"16":{"line":134,"type":"binary-expr","locations":[{"start":{"line":134,"column":12},"end":{"line":134,"column":32}},{"start":{"line":134,"column":36},"end":{"line":134,"column":55}}]},"17":{"line":138,"type":"if","locations":[{"start":{"line":138,"column":12},"end":{"line":138,"column":12}},{"start":{"line":138,"column":12},"end":{"line":138,"column":12}}]},"18":{"line":147,"type":"if","locations":[{"start":{"line":147,"column":10},"end":{"line":147,"column":10}},{"start":{"line":147,"column":10},"end":{"line":147,"column":10}}]},"19":{"line":147,"type":"binary-expr","locations":[{"start":{"line":147,"column":14},"end":{"line":147,"column":52}},{"start":{"line":148,"column":12},"end":{"line":148,"column":57}}]},"20":{"line":152,"type":"if","locations":[{"start":{"line":152,"column":12},"end":{"line":152,"column":12}},{"start":{"line":152,"column":12},"end":{"line":152,"column":12}}]},"21":{"line":153,"type":"if","locations":[{"start":{"line":153,"column":14},"end":{"line":153,"column":14}},{"start":{"line":153,"column":14},"end":{"line":153,"column":14}}]},"22":{"line":157,"type":"if","locations":[{"start":{"line":157,"column":19},"end":{"line":157,"column":19}},{"start":{"line":157,"column":19},"end":{"line":157,"column":19}}]},"23":{"line":157,"type":"binary-expr","locations":[{"start":{"line":157,"column":23},"end":{"line":157,"column":36}},{"start":{"line":157,"column":40},"end":{"line":157,"column":58}}]},"24":{"line":188,"type":"if","locations":[{"start":{"line":188,"column":2},"end":{"line":188,"column":2}},{"start":{"line":188,"column":2},"end":{"line":188,"column":2}}]},"25":{"line":191,"type":"if","locations":[{"start":{"line":191,"column":2},"end":{"line":191,"column":2}},{"start":{"line":191,"column":2},"end":{"line":191,"column":2}}]},"26":{"line":193,"type":"if","locations":[{"start":{"line":193,"column":4},"end":{"line":193,"column":4}},{"start":{"line":193,"column":4},"end":{"line":193,"column":4}}]},"27":{"line":212,"type":"if","locations":[{"start":{"line":212,"column":2},"end":{"line":212,"column":2}},{"start":{"line":212,"column":2},"end":{"line":212,"column":2}}]},"28":{"line":216,"type":"if","locations":[{"start":{"line":216,"column":2},"end":{"line":216,"column":2}},{"start":{"line":216,"column":2},"end":{"line":216,"column":2}}]},"29":{"line":236,"type":"if","locations":[{"start":{"line":236,"column":2},"end":{"line":236,"column":2}},{"start":{"line":236,"column":2},"end":{"line":236,"column":2}}]},"30":{"line":245,"type":"if","locations":[{"start":{"line":245,"column":2},"end":{"line":245,"column":2}},{"start":{"line":245,"column":2},"end":{"line":245,"column":2}}]},"31":{"line":254,"type":"if","locations":[{"start":{"line":254,"column":2},"end":{"line":254,"column":2}},{"start":{"line":254,"column":2},"end":{"line":254,"column":2}}]},"32":{"line":262,"type":"if","locations":[{"start":{"line":262,"column":2},"end":{"line":262,"column":2}},{"start":{"line":262,"column":2},"end":{"line":262,"column":2}}]},"33":{"line":270,"type":"if","locations":[{"start":{"line":270,"column":2},"end":{"line":270,"column":2}},{"start":{"line":270,"column":2},"end":{"line":270,"column":2}}]},"34":{"line":278,"type":"if","locations":[{"start":{"line":278,"column":2},"end":{"line":278,"column":2}},{"start":{"line":278,"column":2},"end":{"line":278,"column":2}}]},"35":{"line":286,"type":"if","locations":[{"start":{"line":286,"column":2},"end":{"line":286,"column":2}},{"start":{"line":286,"column":2},"end":{"line":286,"column":2}}]},"36":{"line":294,"type":"if","locations":[{"start":{"line":294,"column":2},"end":{"line":294,"column":2}},{"start":{"line":294,"column":2},"end":{"line":294,"column":2}}]},"37":{"line":301,"type":"if","locations":[{"start":{"line":301,"column":2},"end":{"line":301,"column":2}},{"start":{"line":301,"column":2},"end":{"line":301,"column":2}}]},"38":{"line":309,"type":"if","locations":[{"start":{"line":309,"column":2},"end":{"line":309,"column":2}},{"start":{"line":309,"column":2},"end":{"line":309,"column":2}}]}},"code":["'use strict';","var Q = require('q');","var debug = require('debug')('dynamoose:scan');","","var errors = require('./errors');","function Scan (Model, filter, options) {","","  this.Model = Model;","  this.options = options || {};","","","  // [{","  //     name: 'name',","  //     values: ['value', ...],","  //     comparison: 'string'","  //   },","  //    ...","  // ]","  this.filters = {};","  this.buildState = false;","","  if (typeof filter === 'string') {","    this.buildState = filter;","    this.filters[filter] = {name: filter};","  } else if (typeof filter === 'object'){","    this.parseFilterObject(filter);","  }","}","","","","Scan.prototype.exec = function (next) {","  debug('exec scan for ', this.scan);","  var Model = this.Model;","  var Model$ = Model.$__;","  var schema = Model$.schema;","  var options = this.options;","","  var scanReq = {","    TableName: Model.$__.name","  };","","  if(Object.keys(this.filters).length > 0) {","    scanReq.ScanFilter = {};","    for(var name in this.filters) {","      var filter = this.filters[name];","      var filterAttr = schema.attributes[name];","      scanReq.ScanFilter[name] = {","        AttributeValueList: [],","        ComparisonOperator: filter.comparison","      };","","      if(filter.values) {","        for (var i = 0; i < filter.values.length; i++) {","          var val = filter.values[i];","          scanReq.ScanFilter[name].AttributeValueList.push(","            filterAttr.toDynamo(val, true)","          );","        }","      }","    }","  }","","  if(options.attributes) {","    scanReq.AttributesToGet = options.attributes;","  }","","  if(options.limit) {","    scanReq.Limit = options.limit;","  }","","  if(options.ExclusiveStartKey) {","    scanReq.ExclusiveStartKey = options.ExclusiveStartKey;","  }","","  if(options.conditionalOperator) {","    scanReq.ConditionalOperator = options.conditionalOperator;","  }","","  function scan () {","    var deferred = Q.defer();","","    debug('scan request', scanReq);","    Model.$__.base.ddb().scan(scanReq, function(err, data) {","      if(err) {","        debug('Error returned by scan', err);","        return deferred.reject(err);","      }","      debug('scan response', data);","","      if(!Object.keys(data).length) {","        return deferred.resolve();","      }","","      function toModel (item) {","        var model = new Model();","        model.$__.isNew = false;","        schema.parseDynamo(model, item);","","        debug('scan parsed model', model);","","        return model;","      }","","      try {","        var models = data.Items.map(toModel);","","        models.lastKey = data.LastEvaluatedKey;","        deferred.resolve(models);","      } catch (err) {","        deferred.reject(err);","      }","    });","","    return deferred.promise.nodeify(next);","  }","","","  if(Model$.options.waitForActive) {","    return Model$.table.waitForActive().then(scan);","  }","","  return scan();","};","","Scan.prototype.parseFilterObject = function (filter) {","","  if (Object.keys(filter).length > 0) {","","    for(var filterName in filter) {","      if (filter.hasOwnProperty(filterName)) {","","        // Parse AND OR","        if (filterName === 'and' || filterName === 'or') {","","          this[filterName]();","          for(var condition in filter[filterName]) {","            if (filter[filterName].hasOwnProperty(condition)) {","              this.parseFilterObject(filter[filterName][condition]);","            }","          }","        } else {","","          this.where(filterName);","          var val, comp;","","          if (typeof filter[filterName] === 'object' &&","            Object.keys(filter[filterName]).length  === 1) {","","            comp = Object.keys(filter[filterName])[0];","","            if (comp === 'null') {","              if (!filter[filterName][comp]) {","                comp = 'not_null';","              }","              val = [null];","            } else if (comp === 'in' || comp === 'between') {","              val = filter[filterName][comp];","            } else {","              val = [filter[filterName][comp]];","            }","","          } else {","            comp = 'eq';","            val = [filter[filterName]];","          }","          this.compVal(val, comp.toUpperCase());","        }","","","      }","    }","  }","};","","Scan.prototype.and = function() {","  this.options.conditionalOperator = 'AND';","  return this;","};","","Scan.prototype.or = function() {","  this.options.conditionalOperator = 'OR';","  return this;","};","","","Scan.prototype.where = function (filter) {","  if(this.buildState) {","    throw new errors.ScanError('Invalid scan state; where() must follow comparison');","  }","  if(typeof filter === 'string') {","    this.buildState = filter;","    if(this.filters[filter]) {","      throw new errors.ScanError('Invalid scan state; %s can only be used once', filter);","    }","    this.filters[filter] = {name: filter};","  }","","  return this;","};","Scan.prototype.filter = Scan.prototype.where;","","Scan.prototype.compVal = function (vals, comp) {","","  var permittedComparison =","    [","      'NOT_NULL','NULL','EQ','NE','GE','LT','GT','LE','GE',","      'NOT_CONTAINS','CONTAINS','BEGINS_WITH','IN','BETWEEN'","    ];","","","  if(!this.buildState) {","    throw new errors.ScanError('Invalid scan state; %s must follow scan(), where(), or filter()', comp);","  }","","  if (permittedComparison.indexOf(comp) === -1) {","    throw new errors.ScanError('Invalid comparison %s', comp);","  }","","  this.filters[this.buildState].values = vals;","  this.filters[this.buildState].comparison = comp;","","  this.buildState = false;","  this.notState = false;","","  return this;","};","","","Scan.prototype.not = function() {","  this.notState = true;","  return this;","};","","Scan.prototype.null = function() {","  if(this.notState) {","    return this.compVal(null, 'NOT_NULL');","  } else {","    return this.compVal(null, 'NULL');","  }","};","","","Scan.prototype.eq = function (val) {","  if(this.notState) {","    return this.compVal([val], 'NE');","  } else {","    return this.compVal([val], 'EQ');","  }","};","","","Scan.prototype.lt = function (val) {","  if(this.notState) {","    return this.compVal([val], 'GE');","  } else {","    return this.compVal([val], 'LT');","  }","};","","Scan.prototype.le = function (val) {","  if(this.notState) {","    return this.compVal([val], 'GT');","  } else {","    return this.compVal([val], 'LE');","  }","};","","Scan.prototype.ge = function (val) {","  if(this.notState) {","    return this.compVal([val], 'LT');","  } else {","    return this.compVal([val], 'GE');","  }","};","","Scan.prototype.gt = function (val) {","  if(this.notState) {","    return this.compVal([val], 'LE');","  } else {","    return this.compVal([val], 'GT');","  }","};","","Scan.prototype.contains = function (val) {","  if(this.notState) {","    return this.compVal([val], 'NOT_CONTAINS');","  } else {","    return this.compVal([val], 'CONTAINS');","  }","};","","Scan.prototype.beginsWith = function (val) {","  if(this.notState) {","    throw new errors.ScanError('Invalid scan state: beginsWith() cannot follow not()');","  }","  return this.compVal([val], 'BEGINS_WITH');","};","","Scan.prototype.in = function (vals) {","  if(this.notState) {","    throw new errors.ScanError('Invalid scan state: in() cannot follow not()');","  }","","  return this.compVal(vals, 'IN');","};","","Scan.prototype.between = function (a, b) {","  if(this.notState) {","    throw new errors.ScanError('Invalid scan state: between() cannot follow not()');","  }","  return this.compVal([a, b], 'BETWEEN');","};","","Scan.prototype.limit = function (limit) {","  this.options.limit = limit;","  return this;","};","","Scan.prototype.startAt = function (key) {","  this.options.ExclusiveStartKey = key;","  return this;","};","","Scan.prototype.attributes = function (attributes) {","  this.options.attributes = attributes;","  return this;","};","","module.exports = Scan;",""],"l":{"2":1,"3":1,"5":1,"6":1,"8":0,"9":0,"19":0,"20":0,"22":0,"23":0,"24":0,"25":0,"26":0,"32":1,"33":0,"34":0,"35":0,"36":0,"37":0,"39":0,"43":0,"44":0,"45":0,"46":0,"47":0,"48":0,"53":0,"54":0,"55":0,"56":0,"64":0,"65":0,"68":0,"69":0,"72":0,"73":0,"76":0,"77":0,"80":1,"81":0,"83":0,"84":0,"85":0,"86":0,"87":0,"89":0,"91":0,"92":0,"95":1,"96":0,"97":0,"98":0,"100":0,"102":0,"105":0,"106":0,"108":0,"109":0,"111":0,"115":0,"119":0,"120":0,"123":0,"126":1,"128":0,"130":0,"131":0,"134":0,"136":0,"137":0,"138":0,"139":0,"144":0,"145":0,"147":0,"150":0,"152":0,"153":0,"154":0,"156":0,"157":0,"158":0,"160":0,"164":0,"165":0,"167":0,"176":1,"177":0,"178":0,"181":1,"182":0,"183":0,"187":1,"188":0,"189":0,"191":0,"192":0,"193":0,"194":0,"196":0,"199":0,"201":1,"203":1,"205":0,"212":0,"213":0,"216":0,"217":0,"220":0,"221":0,"223":0,"224":0,"226":0,"230":1,"231":0,"232":0,"235":1,"236":0,"237":0,"239":0,"244":1,"245":0,"246":0,"248":0,"253":1,"254":0,"255":0,"257":0,"261":1,"262":0,"263":0,"265":0,"269":1,"270":0,"271":0,"273":0,"277":1,"278":0,"279":0,"281":0,"285":1,"286":0,"287":0,"289":0,"293":1,"294":0,"295":0,"297":0,"300":1,"301":0,"302":0,"305":0,"308":1,"309":0,"310":0,"312":0,"315":1,"316":0,"317":0,"320":1,"321":0,"322":0,"325":1,"326":0,"327":0,"330":1}},"/home/travis/build/npmtest/node-npmtest-dynamoose/node_modules/dynamoose/gruntfile.js":{"path":"/home/travis/build/npmtest/node-npmtest-dynamoose/node_modules/dynamoose/gruntfile.js","s":{"1":1,"2":0,"3":0,"4":0,"5":0,"6":0,"7":0},"b":{},"f":{"1":0},"fnMap":{"1":{"name":"(anonymous_1)","line":2,"loc":{"start":{"line":2,"column":17},"end":{"line":2,"column":33}}}},"statementMap":{"1":{"start":{"line":2,"column":0},"end":{"line":67,"column":2}},"2":{"start":{"line":3,"column":2},"end":{"line":53,"column":5}},"3":{"start":{"line":56,"column":2},"end":{"line":56,"column":45}},"4":{"start":{"line":57,"column":2},"end":{"line":57,"column":41}},"5":{"start":{"line":61,"column":2},"end":{"line":61,"column":57}},"6":{"start":{"line":63,"column":2},"end":{"line":63,"column":59}},"7":{"start":{"line":65,"column":2},"end":{"line":65,"column":117}}},"branchMap":{},"code":["'use strict';","module.exports = function(grunt) {","  grunt.initConfig({","    pkg: grunt.file.readJSON('package.json'),","    jshint: {","      app: {","        src: ['gruntfile.js', 'index.js', 'lib/**/*.js'],","        options: {","          node: true,","          jshintrc: '.jshintrc'","        }","      },","      test: {","        src: ['test/**/*.js' ],","        options: {","          node: true,","          jshintrc: 'test/.jshintrc'","        }","      }","    },","    mochaTest: {","      test: {","        options: {","          reporter: 'spec'","        },","        src: ['test/**/*.js']","      },","      testCoverage: {","        options: {","          reporter: 'spec',","          require: 'test/coverage/blanket'","        },","        src: ['test/**/*.js']","      },","      coverage: {","        options: {","          reporter: 'html-cov',","          // use the quiet flag to suppress the mocha console output","          quiet: true,","          // specify a destination file to capture the mocha","          // output (the quiet option does not suppress this)","          captureFile: 'coverage.html'","        },","        src: ['test/**/*.js']","      },","      'travis-cov': {","        options: {","          reporter: 'travis-cov'","        },","        src: ['test/**/*.js']","      }","    }","  });","","  // Load libs","  grunt.loadNpmTasks('grunt-contrib-jshint');","  grunt.loadNpmTasks('grunt-mocha-test');","","","  // Register the default tasks","  grunt.registerTask('default', ['jshint', 'mochaTest']);","","  grunt.registerTask('test', ['jshint', 'mochaTest:test']);","","  grunt.registerTask('coverage', ['jshint', 'mochaTest:testCoverage', 'mochaTest:coverage', 'mochaTest:travis-cov']);","","};"],"l":{"2":1,"3":0,"56":0,"57":0,"61":0,"63":0,"65":0}}}